[    0.000000] Initializing cgroup subsys cpuset
[    0.000000] Initializing cgroup subsys cpu
[    0.000000] Initializing cgroup subsys cpuacct
[    0.000000] Linux version 4.4.0-201-generic (buildd@lgw01-amd64-044) (gcc version 5.4.0 20160609 (Ubuntu 5.4.0-6ubuntu1~16.04.12) ) #233-Ubuntu SMP Thu Jan 14 06:10:28 UTC 2021 (Ubuntu 4.4.0-201.233-generic 4.4.247)
[    0.000000] Command line: BOOT_IMAGE=/boot/vmlinuz-4.4.0-201-generic root=LABEL=cloudimg-rootfs ro console=tty1 console=ttyS0
[    0.000000] KERNEL supported cpus:
[    0.000000]   Intel GenuineIntel
[    0.000000]   AMD AuthenticAMD
[    0.000000]   Centaur CentaurHauls
[    0.000000] x86/fpu: xstate_offset[2]:  576, xstate_sizes[2]:  256
[    0.000000] x86/fpu: Supporting XSAVE feature 0x01: 'x87 floating point registers'
[    0.000000] x86/fpu: Supporting XSAVE feature 0x02: 'SSE registers'
[    0.000000] x86/fpu: Supporting XSAVE feature 0x04: 'AVX registers'
[    0.000000] x86/fpu: Enabled xstate features 0x7, context size is 832 bytes, using 'standard' format.
[    0.000000] e820: BIOS-provided physical RAM map:
[    0.000000] BIOS-e820: [mem 0x0000000000000000-0x000000000009fbff] usable
[    0.000000] BIOS-e820: [mem 0x000000000009fc00-0x000000000009ffff] reserved
[    0.000000] BIOS-e820: [mem 0x00000000000f0000-0x00000000000fffff] reserved
[    0.000000] BIOS-e820: [mem 0x0000000000100000-0x000000003ffeffff] usable
[    0.000000] BIOS-e820: [mem 0x000000003fff0000-0x000000003fffffff] ACPI data
[    0.000000] BIOS-e820: [mem 0x00000000fec00000-0x00000000fec00fff] reserved
[    0.000000] BIOS-e820: [mem 0x00000000fee00000-0x00000000fee00fff] reserved
[    0.000000] BIOS-e820: [mem 0x00000000fffc0000-0x00000000ffffffff] reserved
[    0.000000] NX (Execute Disable) protection: active
[    0.000000] SMBIOS 2.5 present.
[    0.000000] Hypervisor detected: KVM
[    0.000000] e820: last_pfn = 0x3fff0 max_arch_pfn = 0x400000000
[    0.000000] MTRR: Disabled
[    0.000000] x86/PAT: MTRRs disabled, skipping PAT initialization too.
[    0.000000] CPU MTRRs all blank - virtualized system.
[    0.000000] x86/PAT: Configuration [0-7]: WB  WT  UC- UC  WB  WT  UC- UC  
[    0.000000] found SMP MP-table at [mem 0x0009fff0-0x0009ffff] mapped at [ffff88000009fff0]
[    0.000000] Scanning 1 areas for low memory corruption
[    0.000000] RAMDISK: [mem 0x362dc000-0x37165fff]
[    0.000000] ACPI: Early table checksum verification disabled
[    0.000000] ACPI: RSDP 0x00000000000E0000 000024 (v02 VBOX  )
[    0.000000] ACPI: XSDT 0x000000003FFF0030 00003C (v01 VBOX   VBOXXSDT 00000001 ASL  00000061)
[    0.000000] ACPI: FACP 0x000000003FFF00F0 0000F4 (v04 VBOX   VBOXFACP 00000001 ASL  00000061)
[    0.000000] ACPI: DSDT 0x000000003FFF0470 002325 (v02 VBOX   VBOXBIOS 00000002 INTL 20190509)
[    0.000000] ACPI: FACS 0x000000003FFF0200 000040
[    0.000000] ACPI: FACS 0x000000003FFF0200 000040
[    0.000000] ACPI: APIC 0x000000003FFF0240 00005C (v02 VBOX   VBOXAPIC 00000001 ASL  00000061)
[    0.000000] ACPI: SSDT 0x000000003FFF02A0 0001CC (v01 VBOX   VBOXCPUT 00000002 INTL 20190509)
[    0.000000] No NUMA configuration found
[    0.000000] Faking a node at [mem 0x0000000000000000-0x000000003ffeffff]
[    0.000000] NODE_DATA(0) allocated [mem 0x3ffeb000-0x3ffeffff]
[    0.000000] kvm-clock: Using msrs 4b564d01 and 4b564d00
[    0.000000] kvm-clock: cpu 0, msr 0:3ffe3001, primary cpu clock
[    0.000000] kvm-clock: using sched offset of 6599233495 cycles
[    0.000000] clocksource: kvm-clock: mask: 0xffffffffffffffff max_cycles: 0x1cd42e4dffb, max_idle_ns: 881590591483 ns
[    0.000000] Zone ranges:
[    0.000000]   DMA      [mem 0x0000000000001000-0x0000000000ffffff]
[    0.000000]   DMA32    [mem 0x0000000001000000-0x000000003ffeffff]
[    0.000000]   Normal   empty
[    0.000000]   Device   empty
[    0.000000] Movable zone start for each node
[    0.000000] Early memory node ranges
[    0.000000]   node   0: [mem 0x0000000000001000-0x000000000009efff]
[    0.000000]   node   0: [mem 0x0000000000100000-0x000000003ffeffff]
[    0.000000] Initmem setup node 0 [mem 0x0000000000001000-0x000000003ffeffff]
[    0.000000] ACPI: PM-Timer IO Port: 0x4008
[    0.000000] IOAPIC[0]: apic_id 2, version 32, address 0xfec00000, GSI 0-23
[    0.000000] ACPI: INT_SRC_OVR (bus 0 bus_irq 0 global_irq 2 dfl dfl)
[    0.000000] ACPI: INT_SRC_OVR (bus 0 bus_irq 9 global_irq 9 low level)
[    0.000000] Using ACPI (MADT) for SMP configuration information
[    0.000000] smpboot: Allowing 2 CPUs, 0 hotplug CPUs
[    0.000000] PM: Registered nosave memory: [mem 0x00000000-0x00000fff]
[    0.000000] PM: Registered nosave memory: [mem 0x0009f000-0x0009ffff]
[    0.000000] PM: Registered nosave memory: [mem 0x000a0000-0x000effff]
[    0.000000] PM: Registered nosave memory: [mem 0x000f0000-0x000fffff]
[    0.000000] e820: [mem 0x40000000-0xfebfffff] available for PCI devices
[    0.000000] Booting paravirtualized kernel on KVM
[    0.000000] clocksource: refined-jiffies: mask: 0xffffffff max_cycles: 0xffffffff, max_idle_ns: 7645519600211568 ns
[    0.000000] setup_percpu: NR_CPUS:512 nr_cpumask_bits:512 nr_cpu_ids:2 nr_node_ids:1
[    0.000000] PERCPU: Embedded 33 pages/cpu @ffff88003fc00000 s95640 r8192 d31336 u1048576
[    0.000000] Built 1 zonelists in Node order, mobility grouping on.  Total pages: 257912
[    0.000000] Policy zone: DMA32
[    0.000000] Kernel command line: BOOT_IMAGE=/boot/vmlinuz-4.4.0-201-generic root=LABEL=cloudimg-rootfs ro console=tty1 console=ttyS0
[    0.000000] PID hash table entries: 4096 (order: 3, 32768 bytes)
[    0.000000] Memory: 997656K/1048120K available (8641K kernel code, 1337K rwdata, 4044K rodata, 1492K init, 1296K bss, 50464K reserved, 0K cma-reserved)
[    0.000000] SLUB: HWalign=64, Order=0-3, MinObjects=0, CPUs=2, Nodes=1
[    0.000000] Kernel/User page tables isolation: enabled
[    0.000000] Hierarchical RCU implementation.
[    0.000000] 	Build-time adjustment of leaf fanout to 64.
[    0.000000] 	RCU restricting CPUs from NR_CPUS=512 to nr_cpu_ids=2.
[    0.000000] RCU: Adjusting geometry for rcu_fanout_leaf=64, nr_cpu_ids=2
[    0.000000] NR_IRQS:33024 nr_irqs:440 16
[    0.000000] Console: colour VGA+ 80x25
[    0.000000] console [tty1] enabled
[    0.000000] console [ttyS0] enabled
[    0.000000] tsc: Detected 3605.660 MHz processor
[    1.815492] Calibrating delay loop (skipped) preset value.. 7211.32 BogoMIPS (lpj=14422640)
[    1.840487] pid_max: default: 32768 minimum: 301
[    1.867891] ACPI: Core revision 20150930
[    1.885809] ACPI: 2 ACPI AML tables successfully acquired and loaded
[    1.913772] Security Framework initialized
[    1.924824] Yama: becoming mindful.
[    1.936449] AppArmor: AppArmor initialized
[    1.949324] Dentry cache hash table entries: 131072 (order: 8, 1048576 bytes)
[    1.968832] Inode-cache hash table entries: 65536 (order: 7, 524288 bytes)
[    1.989479] Mount-cache hash table entries: 2048 (order: 2, 16384 bytes)
[    2.011963] Mountpoint-cache hash table entries: 2048 (order: 2, 16384 bytes)
[    2.032310] Initializing cgroup subsys io
[    2.043819] Initializing cgroup subsys memory
[    2.057272] Initializing cgroup subsys devices
[    2.071735] Initializing cgroup subsys freezer
[    2.086504] Initializing cgroup subsys net_cls
[    2.100482] Initializing cgroup subsys perf_event
[    2.117088] Initializing cgroup subsys net_prio
[    2.139301] Initializing cgroup subsys hugetlb
[    2.153855] Initializing cgroup subsys pids
[    2.169211] mce: CPU supports 0 MCE banks
[    2.184417] Last level iTLB entries: 4KB 512, 2MB 8, 4MB 8
[    2.202319] Last level dTLB entries: 4KB 512, 2MB 32, 4MB 32, 1GB 0
[    2.218845] Spectre V1 : Mitigation: usercopy/swapgs barriers and __user pointer sanitization
[    2.245809] Spectre V2 : Mitigation: Full generic retpoline
[    2.262020] Spectre V2 : Spectre v2 / SpectreRSB mitigation: Filling RSB on context switch
[    2.290459] Speculative Store Bypass: Vulnerable
[    2.305682] SRBDS: Unknown: Dependent on hypervisor status
[    2.323401] MDS: Mitigation: Clear CPU buffers
[    2.386706] Freeing SMP alternatives memory: 36K
[    2.573273] ftrace: allocating 32361 entries in 127 pages
[    3.203657] smpboot: APIC(0) Converting physical 0 to logical package 0
[    3.219584] smpboot: Max logical packages: 1
[    3.235310] x2apic enabled
[    3.247624] Switched APIC routing to physical x2apic.
[    3.271787] ..TIMER: vector=0x30 apic1=0 pin1=2 apic2=-1 pin2=-1
[    3.395874] APIC calibration not consistent with PM-Timer: 98ms instead of 100ms
[    3.419419] APIC delta adjusted to PM-Timer: 6276968 (6185608)
[    3.437059] smpboot: CPU0: Intel(R) Core(TM) i7-3770K CPU @ 3.50GHz (family: 0x6, model: 0x3a, stepping: 0x9)
[    3.469995] Performance Events: unsupported p6 CPU model 58 no PMU driver, software events only.
[    3.588126] KVM setup paravirtual spinlock
[    3.602525] x86: Booting SMP configuration:
[    3.615579] .... node  #0, CPUs:      #1
[    3.627431] kvm-clock: cpu 1, msr 0:3ffe3041, secondary cpu clock
[    3.639508] mce: CPU supports 0 MCE banks
[    3.650311] x86: Booted up 1 node, 2 CPUs
[    3.667391] smpboot: Total of 2 processors activated (14422.64 BogoMIPS)
[    3.690863] devtmpfs: initialized
[    3.706028] evm: security.selinux
[    3.719804] evm: security.SMACK64
[    3.740515] evm: security.SMACK64EXEC
[    3.751555] evm: security.SMACK64TRANSMUTE
[    3.765193] evm: security.SMACK64MMAP
[    3.780927] evm: security.ima
[    3.791029] evm: security.capability
[    3.813860] clocksource: jiffies: mask: 0xffffffff max_cycles: 0xffffffff, max_idle_ns: 7645041785100000 ns
[    3.886839] futex hash table entries: 512 (order: 3, 32768 bytes)
[    3.983097] pinctrl core: initialized pinctrl subsystem
[    4.015412] RTC time: 16:05:00, date: 02/06/21
[    4.025925] NET: Registered protocol family 16
[    4.047809] cpuidle: using governor ladder
[    4.065747] cpuidle: using governor menu
[    4.075544] PCCT header not found.
[    4.086129] ACPI: bus type PCI registered
[    4.097809] acpiphp: ACPI Hot Plug PCI Controller Driver version: 0.5
[    4.115488] PCI: Using configuration type 1 for base access
[    4.140858] ACPI: Added _OSI(Module Device)
[    4.152057] ACPI: Added _OSI(Processor Device)
[    4.165904] ACPI: Added _OSI(3.0 _SCP Extensions)
[    4.181046] ACPI: Added _OSI(Processor Aggregator Device)
[    4.197297] ACPI: Executed 1 blocks of module-level executable AML code
[    4.220303] ACPI: Interpreter enabled
[    4.230133] ACPI: (supports S0 S5)
[    4.240055] ACPI: Using IOAPIC for interrupt routing
[    4.253904] PCI: Using host bridge windows from ACPI; if necessary, use "pci=nocrs" and report a bug
[    4.290699] ACPI: PCI Root Bridge [PCI0] (domain 0000 [bus 00-ff])
[    4.307129] acpi PNP0A03:00: _OSC: OS supports [ASPM ClockPM Segments MSI]
[    4.325783] acpi PNP0A03:00: _OSC: not requesting OS control; OS requires [ExtendedConfig ASPM ClockPM MSI]
[    4.353490] acpi PNP0A03:00: fail to add MMCONFIG information, can't access extended PCI configuration space under this bridge.
[    4.387730] PCI host bridge to bus 0000:00
[    4.400433] pci_bus 0000:00: root bus resource [io  0x0000-0x0cf7 window]
[    4.418898] pci_bus 0000:00: root bus resource [io  0x0d00-0xffff window]
[    4.437803] pci_bus 0000:00: root bus resource [mem 0x000a0000-0x000bffff window]
[    4.459976] pci_bus 0000:00: root bus resource [mem 0x40000000-0xfdffffff window]
[    4.485091] pci_bus 0000:00: root bus resource [bus 00-ff]
[    4.631762] pci 0000:00:01.1: legacy IDE quirk: reg 0x10: [io  0x01f0-0x01f7]
[    4.654566] pci 0000:00:01.1: legacy IDE quirk: reg 0x14: [io  0x03f6]
[    4.674937] pci 0000:00:01.1: legacy IDE quirk: reg 0x18: [io  0x0170-0x0177]
[    4.698823] pci 0000:00:01.1: legacy IDE quirk: reg 0x1c: [io  0x0376]
[    4.907018] pci 0000:00:07.0: quirk: [io  0x4000-0x403f] claimed by PIIX4 ACPI
[    4.932390] pci 0000:00:07.0: quirk: [io  0x4100-0x410f] claimed by PIIX4 SMB
[    5.009777] ACPI: PCI Interrupt Link [LNKA] (IRQs 5 9 10 *11)
[    5.035148] ACPI: PCI Interrupt Link [LNKB] (IRQs 5 9 *10 11)
[    5.063229] ACPI: PCI Interrupt Link [LNKC] (IRQs 5 *9 10 11)
[    5.098867] ACPI: PCI Interrupt Link [LNKD] (IRQs 5 9 10 *11)
[    5.130353] ACPI: Enabled 2 GPEs in block 00 to 07
[    5.155222] vgaarb: setting as boot device: PCI:0000:00:02.0
[    5.173562] vgaarb: device added: PCI:0000:00:02.0,decodes=io+mem,owns=io+mem,locks=none
[    5.201105] vgaarb: loaded
[    5.209445] vgaarb: bridge control possible 0000:00:02.0
[    5.226886] SCSI subsystem initialized
[    5.242350] ACPI: bus type USB registered
[    5.254980] usbcore: registered new interface driver usbfs
[    5.270474] usbcore: registered new interface driver hub
[    5.283895] usbcore: registered new device driver usb
[    5.299733] PCI: Using ACPI for IRQ routing
[    5.315030] NetLabel: Initializing
[    5.324676] NetLabel:  domain hash size = 128
[    5.338859] NetLabel:  protocols = UNLABELED CIPSOv4
[    5.354004] NetLabel:  unlabeled traffic allowed by default
[    5.369831] amd_nb: Cannot enumerate AMD northbridges
[    5.385366] clocksource: Switched to clocksource kvm-clock
[    5.411880] AppArmor: AppArmor Filesystem Enabled
[    5.427257] pnp: PnP ACPI init
[    5.441063] pnp: PnP ACPI: found 3 devices
[    5.463266] clocksource: acpi_pm: mask: 0xffffff max_cycles: 0xffffff, max_idle_ns: 2085701024 ns
[    5.487468] NET: Registered protocol family 2
[    5.501801] TCP established hash table entries: 8192 (order: 4, 65536 bytes)
[    5.520307] TCP bind hash table entries: 8192 (order: 5, 131072 bytes)
[    5.538311] TCP: Hash tables configured (established 8192 bind 8192)
[    5.555583] UDP hash table entries: 512 (order: 2, 16384 bytes)
[    5.571609] UDP-Lite hash table entries: 512 (order: 2, 16384 bytes)
[    5.588277] NET: Registered protocol family 1
[    5.602596] pci 0000:00:00.0: Limiting direct PCI/PCI transfers
[    5.618938] pci 0000:00:01.0: Activating ISA DMA hang workarounds
[    5.634608] Unpacking initramfs...
[    5.904127] Freeing initrd memory: 14888K
[    5.920649] RAPL PMU detected, API unit is 2^-32 Joules, 3 fixed counters 10737418240 ms ovfl timer
[    5.952038] hw unit of domain pp0-core 2^-0 Joules
[    5.966251] hw unit of domain package 2^-0 Joules
[    5.986549] hw unit of domain pp1-gpu 2^-0 Joules
[    6.002479] clocksource: tsc: mask: 0xffffffffffffffff max_cycles: 0x33f9363cf70, max_idle_ns: 440795282676 ns
[    6.030382] platform rtc_cmos: registered platform RTC device (no PNP device found)
[    6.052032] Scanning for low memory corruption every 60 seconds
[    6.068241] audit: initializing netlink subsys (disabled)
[    6.084692] audit: type=2000 audit(1612627507.270:1): initialized
[    6.100159] Initialise system trusted keyring
[    6.114642] HugeTLB registered 2 MB page size, pre-allocated 0 pages
[    6.134937] zbud: loaded
[    6.142744] VFS: Disk quotas dquot_6.6.0
[    6.155119] VFS: Dquot-cache hash table entries: 512 (order 0, 4096 bytes)
[    6.176129] squashfs: version 4.0 (2009/01/31) Phillip Lougher
[    6.193470] fuse init (API version 7.23)
[    6.209077] Key type big_key registered
[    6.224963] Allocating IMA MOK and blacklist keyrings.
[    6.250149] Key type asymmetric registered
[    6.261967] Asymmetric key parser 'x509' registered
[    6.283806] Block layer SCSI generic (bsg) driver version 0.4 loaded (major 249)
[    6.309241] io scheduler noop registered
[    6.327345] io scheduler deadline registered (default)
[    6.350719] io scheduler cfq registered
[    6.368606] pci_hotplug: PCI Hot Plug PCI Core version: 0.5
[    6.401817] pciehp: PCI Express Hot Plug Controller Driver version: 0.4
[    6.436487] ACPI: AC Adapter [AC] (on-line)
[    6.452552] input: Power Button as /devices/LNXSYSTM:00/LNXPWRBN:00/input/input0
[    6.485181] ACPI: Power Button [PWRF]
[    6.498053] input: Sleep Button as /devices/LNXSYSTM:00/LNXSLPBN:00/input/input1
[    6.523469] ACPI: Sleep Button [SLPF]
[    6.538375] GHES: HEST is not enabled!
[    6.549965] Serial: 8250/16550 driver, 32 ports, IRQ sharing enabled
[    6.597723] 0002: tyS0 a I/O x3f8 irq = , bas_baud= 11520) i a 1550A
[    6.619670] Linux agpgart interface v0.103
[    6.637858] loop: module loaded
[    6.651364] scsi host0: ata_piix
[    6.660266] scsi host1: ata_piix
[    6.670829] ata1: PATA max UDMA/33 cmd 0x1f0 ctl 0x3f6 bmdma 0xd000 irq 14
[    6.692103] ata2: PATA max UDMA/33 cmd 0x170 ctl 0x376 bmdma 0xd008 irq 15
[    6.716141] libphy: Fixed MDIO Bus: probed
[    6.728099] tun: Universal TUN/TAP device driver, 1.6
[    6.742195] tun: (C) 1999-2004 Max Krasnyansky <maxk@qualcomm.com>
[    6.759813] PPP generic driver version 2.4.2
[    6.774039] ehci_hcd: USB 2.0 'Enhanced' Host Controller (EHCI) Driver
[    6.792356] ehci-pci: EHCI PCI platform driver
[    6.806229] ehci-platform: EHCI generic platform driver
[    6.822661] ohci_hcd: USB 1.1 'Open' Host Controller (OHCI) Driver
[    6.842286] ohci-pci: OHCI PCI platform driver
[    6.865861] ohci-platform: OHCI generic platform driver
[    6.928933] uhci_hcd: USB Universal Host Controller Interface driver
[    6.952372] i8042: PNP: PS/2 Controller [PNP0303:PS2K,PNP0f03:PS2M] at 0x60,0x64 irq 1,12
[    6.995419] serio: i8042 KBD port at 0x60,0x64 irq 1
[    7.009522] serio: i8042 AUX port at 0x60,0x64 irq 12
[    7.025234] mousedev: PS/2 mouse device common for all mice
[    7.042161] rtc_cmos rtc_cmos: rtc core: registered rtc_cmos as rtc0
[    7.059260] input: AT Translated Set 2 keyboard as /devices/platform/i8042/serio0/input/input2
[    7.085042] rtc_cmos rtc_cmos: alarms up to one day, 114 bytes nvram
[    7.107103] i2c /dev entries driver
[    7.121307] device-mapper: uevent: version 1.0.3
[    7.136403] device-mapper: ioctl: 4.34.0-ioctl (2015-10-28) initialised: dm-devel@redhat.com
[    7.158158] ledtrig-cpu: registered to indicate activity on CPUs
[    7.178134] NET: Registered protocol family 10
[    7.190695] NET: Registered protocol family 17
[    7.203806] Key type dns_resolver registered
[    7.219908] registered taskstats version 1
[    7.233012] Loading compiled-in X.509 certificates
[    7.246829] Loaded X.509 cert 'Build time autogenerated kernel key: 9e5e2330314f2a00b0409bdb338e201244d5149f'
[    7.275725] zswap: loaded using pool lzo/zbud
[    7.294958] Key type trusted registered
[    7.315574] Key type encrypted registered
[    7.325898] AppArmor: AppArmor sha1 policy hashing enabled
[    7.342610] ima: No TPM chip found, activating TPM-bypass!
[    7.358984] ima: Allocated hash algorithm: sha1
[    7.373901] evm: HMAC attrs: 0x1
[    7.389830]   Magic number: 9:634:84
[    7.403203] rtc_cmos rtc_cmos: setting system clock to 2021-02-06 16:05:04 UTC (1612627504)
[    7.426383] BIOS EDD facility v0.16 2004-Jun-25, 0 devices found
[    7.443331] EDD information not available.
[    7.461461] Freeing unused kernel memory: 1492K
[    7.476960] Write protecting the kernel read-only data: 14336k
[    7.495838] Freeing unused kernel memory: 1588K
[    7.509750] Freeing unused kernel memory: 52K
Loading, please wait...
starting version 229
[    7.558872] random: systemd-udevd: uninitialized urandom read (16 bytes read, 4 bits of entropy available)
[    7.575413] random: udevadm: uninitialized urandom read (16 bytes read, 4 bits of entropy available)
[    7.575455] random: udevadm: uninitialized urandom read (16 bytes read, 4 bits of entropy available)
[    7.608750] random: udevadm: uninitialized urandom read (16 bytes read, 4 bits of entropy available)
[    7.608839] random: udevadm: uninitialized urandom read (16 bytes read, 4 bits of entropy available)
[    7.609279] random: udevadm: uninitialized urandom read (16 bytes read, 4 bits of entropy available)
[    7.609368] random: udevadm: uninitialized urandom read (16 bytes read, 4 bits of entropy available)
[    7.609487] random: udevadm: uninitialized urandom read (16 bytes read, 4 bits of entropy available)
[    7.609697] random: udevadm: uninitialized urandom read (16 bytes read, 4 bits of entropy available)
[    7.609806] random: udevadm: uninitialized urandom read (16 bytes read, 4 bits of entropy available)
[    8.066362] Fusion MPT base driver 3.04.20
[    8.078041] Copyright (c) 1999-2008 LSI Corporation
[    8.093422] e1000: Intel(R) PRO/1000 Network Driver - version 7.3.21-k8-NAPI
[    8.120342] e1000: Copyright (c) 1999-2006 Intel Corporation.
[    8.199919] AVX version of gcm_enc/dec engaged.
[    8.212129] AES CTR mode by8 optimization enabled
[    8.238734] Fusion MPT SPI Host driver 3.04.20
[    8.409494] input: ImExPS/2 Generic Explorer Mouse as /devices/platform/i8042/serio1/input/input4
[    9.329676] e1000 0000:00:03.0 eth0: (PCI:33MHz:32-bit) 02:0f:4d:7a:2e:0f
[    9.352718] e1000 0000:00:03.0 eth0: Intel(R) PRO/1000 Network Connection
[    9.377031] mptbase: ioc0: Initiating bringup
[    9.377133] e1000 0000:00:03.0 enp0s3: renamed from eth0
[    9.485157] ioc0: LSI53C1030 A0: Capabilities={Initiator}
[    9.677257] scsi host2: ioc0: LSI53C1030 A0, FwRev=00000000h, Ports=1, MaxQ=256, IRQ=20
[    9.816220] scsi 2:0:0:0: Direct-Access     VBOX     HARDDISK         1.0  PQ: 0 ANSI: 5
[    9.839405] scsi target2:0:0: Beginning Domain Validation
[    9.871879] scsi target2:0:0: Domain Validation skipping write tests
[   10.036997] scsi target2:0:0: Ending Domain Validation
[   10.057140] scsi target2:0:0: asynchronous
[   10.076888] scsi 2:0:1:0: Direct-Access     VBOX     HARDDISK         1.0  PQ: 0 ANSI: 5
[   10.104790] scsi target2:0:1: Beginning Domain Validation
[   10.128693] scsi target2:0:1: Domain Validation skipping write tests
[   10.148676] scsi target2:0:1: Ending Domain Validation
[   10.168026] scsi target2:0:1: asynchronous
[   10.216869] sd 2:0:0:0: Attached scsi generic sg0 type 0
[   10.249095] sd 2:0:0:0: [sda] 83886080 512-byte logical blocks: (42.9 GB/40.0 GiB)
[   10.255112] sd 2:0:1:0: Attached scsi generic sg1 type 0
[   10.309498] sd 2:0:1:0: [sdb] 20480 512-byte logical blocks: (10.5 MB/10.0 MiB)
[   10.309989] sd 2:0:0:0: [sda] Write Protect is off
[   10.310858] sd 2:0:0:0: [sda] Incomplete mode parameter data
[   10.310860] sd 2:0:0:0: [sda] Assuming drive cache: write through
[   10.365576]  sda: sda1
[   10.374294] sd 2:0:0:0: [sda] Attached SCSI disk
[   10.479310] sd 2:0:1:0: [sdb] Write Protect is off
[   10.505195] sd 2:0:1:0: [sdb] Incomplete mode parameter data
[   10.526144] sd 2:0:1:0: [sdb] Assuming drive cache: write through
[   10.558779] sd 2:0:1:0: [sdb] Attached SCSI disk
Begin: Loading essential drivers ... [   14.950034] md: linear personality registered for level -1
[   14.974333] md: multipath personality registered for level -4
[   15.004234] md: raid0 personality registered for level 0
[   15.038505] md: raid1 personality registered for level 1
[   15.292042] raid6: sse2x1   gen() 16309 MB/s
[   15.440331] raid6: sse2x1   xor() 11538 MB/s
[   15.576024] raid6: sse2x2   gen() 15705 MB/s
[   15.832304] raid6: sse2x2   xor() 25339 MB/s
[   15.944316] raid6: sse2x4   gen() 17683 MB/s
[   16.164428] raid6: sse2x4   xor() 16845 MB/s
[   16.180506] raid6: using algorithm sse2x4 gen() 17683 MB/s
[   16.199344] raid6: .... xor() 16845 MB/s, rmw enabled
[   16.213846] raid6: using ssse3x2 recovery algorithm
[   16.231462] xor: automatically using best checksumming function:
[   16.286021]    avx       : 25552.000 MB/sec
[   16.300353] async_tx: api initialized (async)
[   16.381394] md: raid6 personality registered for level 6
[   16.397272] md: raid5 personality registered for level 5
[   16.412371] md: raid4 personality registered for level 4
[   16.450524] md: raid10 personality registered for level 10
done.
Begin: Running /scripts/init-premount ... done.
Begin: Mounting root file system ... Begin: Running /scripts/local-top ... done.
Begin: Running /scripts/local-premount ... [   16.570609] Btrfs loaded
Scanning for Btrfs filesystems
done.
Warning: fsck not present, so skipping root file system
[   16.690218] EXT4-fs (sda1): mounted filesystem with ordered data mode. Opts: (null)
done.
Begin: Running /scripts/local-bottom ... done.
Begin: Running /scripts/init-bottom ... done.
[   17.078154] systemd[1]: systemd 229 running in system mode. (+PAM +AUDIT +SELINUX +IMA +APPARMOR +SMACK +SYSVINIT +UTMP +LIBCRYPTSETUP +GCRYPT +GNUTLS +ACL +XZ -LZ4 +SECCOMP +BLKID +ELFUTILS +KMOD -IDN)
[   17.143611] systemd[1]: Detected virtualization oracle.
[   17.160231] systemd[1]: Detected architecture x86-64.

Welcome to [1mUbuntu 16.04.7 LTS[0m!

[   17.190772] systemd[1]: Set hostname to <ubuntu>.
[   17.214902] systemd[1]: Initializing machine ID from random generator.
[   17.231744] systemd[1]: Installed transient /etc/machine-id file.
[   17.557432] systemd[1]: Listening on Device-mapper event daemon FIFOs.
[[0;32m  OK  [0m] Listening on Device-mapper event daemon FIFOs.
[   17.592786] systemd[1]: Started Trigger resolvconf update for networkd DNS.
[[0;32m  OK  [0m] Started Trigger resolvconf update for networkd DNS.
[   17.621335] systemd[1]: Listening on Journal Socket (/dev/log).
[[0;32m  OK  [0m] Listening on Journal Socket (/dev/log).
[   17.650934] systemd[1]: Reached target Encrypted Volumes.
[[0;32m  OK  [0m] Reached target Encrypted Volumes.
[   17.679186] systemd[1]: Created slice System Slice.
[[0;32m  OK  [0m] Created slice System Slice.
[   17.709827] systemd[1]: Created slice system-serial\x2dgetty.slice.
[[0;32m  OK  [0m] Created slice system-serial\x2dgetty.slice.
[   17.742545] systemd[1]: Listening on Journal Audit Socket.
[[0;32m  OK  [0m] Listening on Journal Audit Socket.
[   17.778399] systemd[1]: Listening on LVM2 metadata daemon socket.
[[0;32m  OK  [0m] Listening on LVM2 metadata daemon socket.
[   17.812643] systemd[1]: Created slice User and Session Slice.
[[0;32m  OK  [0m] Created slice User and Session Slice.
[   17.839292] systemd[1]: Reached target Slices.
[[0;32m  OK  [0m] Reached target Slices.
[   17.867571] systemd[1]: Started Forward Password Requests to Wall Directory Watch.
[[0;32m  OK  [0m] Started Forward Password Requests to Wall Directory Watch.
[   17.916232] systemd[1]: Reached target Swap.
[[0;32m  OK  [0m] Reached target Swap.
[   17.954912] systemd[1]: Reached target System Time Synchronized.
[[0;32m  OK  [0m] Reached target System Time Synchronized.
[   17.982637] systemd[1]: Listening on udev Kernel Socket.
[[0;32m  OK  [0m] Listening on udev Kernel Socket.
[   18.026880] systemd[1]: Reached target User and Group Name Lookups.
[[0;32m  OK  [0m] Reached target User and Group Name Lookups.
[   18.065585] systemd[1]: Set up automount Arbitrary Executable File Formats File System Automount Point.
[[0;32m  OK  [0m] Set up automount Arbitrary Executab...ats File System Automount Point.
[   18.124840] systemd[1]: Listening on Syslog Socket.
[[0;32m  OK  [0m] Listening on Syslog Socket.
[   18.160853] systemd[1]: Listening on udev Control Socket.
[[0;32m  OK  [0m] Listening on udev Control Socket.
[   18.188785] systemd[1]: Listening on Journal Socket.
[[0;32m  OK  [0m] Listening on Journal Socket.
[   18.229869] systemd[1]: Mounting POSIX Message Queue File System...
         Mounting POSIX Message Queue File System...
[   18.275025] systemd[1]: Starting Create list of required static device nodes for the current kernel...
         Starting Create list of required st... nodes for the current kernel...
[   18.367369] systemd[1]: Starting Set console keymap...
[   18.369171] random: nonblocking pool is initialized
         Starting Set console keymap...
[   18.429655] systemd[1]: Mounting Debug File System...
         Mounting Debug File System...
[   18.453708] systemd[1]: Starting Nameserver information manager...
         Starting Nameserver information manager...
[   18.483736] systemd[1]: Starting Monitoring of LVM2 mirrors, snapshots etc. using dmeventd or progress polling...
         Starting Monitoring of LVM2 mirrors... dmeventd or progress polling...
[   18.544677] systemd[1]: Mounting Huge Pages File System...
         Mounting Huge Pages File System...
[   18.574037] systemd[1]: Starting Journal Service...
         Starting Journal Service...
[   18.609331] systemd[1]: Starting Remount Root and Kernel File Systems...
[   18.632445] EXT4-fs (sda1): re-mounted. Opts: (null)
         Starting Remount Root and Kernel File Systems...
[   18.664144] systemd[1]: Starting Uncomplicated firewall...
         Starting Uncomplicated firewall...
[   18.695531] systemd[1]: Starting Load Kernel Modules...
         Starting Load Kernel Modules...
[   18.730106] systemd[1]: Listening on /dev/initctl Compatibility Named Pipe.
[   18.751197] Loading iSCSI transport class v2.0-870.
[[0;32m  OK  [0m] Listening on /dev/initctl Compatibility Named Pipe.
[   18.786745] systemd[1]: Listening on LVM2 poll daemon socket.
[[0;32m  OK  [0m] Listening on LVM2 poll daemon socket.
[   18.827706] iscsi: registered transport (tcp)
[   18.851536] systemd[1]: Mounted POSIX Message Queue File System.
[[0;32m  OK  [0m] Mounted POSIX Message Queue File System.
[   18.896981] systemd[1]: Mounted Huge Pages File System.
[[0;32m  OK  [0m] Mounted Huge Pages File System.
[   18.929926] systemd[1]: Mounted Debug File System.
[[0;32m  OK  [0m] Mounted Debug File System.
[   18.961278] systemd[1]: Started Journal Service.
[[0;32m  OK  [0m] Started Journal Service.
[[0;32m  OK  [0m] Started Create list of required sta...ce nodes for the current kernel.
[[0;32m  OK  [0m] Started Set console keymap.
[[0;32m  OK  [0m] Started Remount Root and Kernel File Systems.
[[0;32m  OK  [0m] Started Uncomplicated firewall.
[[0;32m  OK  [0m] Started Nameserver information manager.
[   19.079618] iscsi: registered transport (iser)
[[0;32m  OK  [0m] Started LVM2 metadata daemon.
         Starting udev Coldplug all Devices...
         Starting Load/Save Random Seed...
         Starting Create Static Device Nodes in /dev...
         Starting Flush Journal to Persistent Storage...
[[0;32m  OK  [0m] Started Load Kernel Modules.
[[0;32m  OK  [0m] Started Load/Save Random Seed.
         Mounting FUSE Control File System...
         Starting Apply Kernel Variables...
[[0;32m  OK  [0m] Mounted FUSE Control File System.
[[0;32m  OK  [0m] Started Create Static Device Nodes in /dev.
[   19.278664] systemd-journald[390]: Received request to flush runtime journal from PID 1
         Starting udev Kernel Device Manager...
[[0;32m  OK  [0m] Started Flush Journal to Persistent Storage.
[[0;32m  OK  [0m] Started Apply Kernel Variables.
[[0;32m  OK  [0m] Started udev Coldplug all Devices.
[[0;32m  OK  [0m] Started Monitoring of LVM2 mirrors,...ng dmeventd or progress polling.
[[0;32m  OK  [0m] Reached target Local File Systems (Pre).
[[0;32m  OK  [0m] Reached target Local File Systems.
         Starting Initial cloud-init job (pre-networking)...
         Starting Set console font and keymap...
         Starting Commit a transient machine-id on disk...
         Starting Tell Plymouth To Write Out Runtime Data...
         Starting LSB: AppArmor initialization...
         Starting Create Volatile Files and Directories...
[[0;32m  OK  [0m] Started udev Kernel Device Manager.
[[0;32m  OK  [0m] Started Commit a transient machine-id on disk.
[[0;32m  OK  [0m] Started Tell Plymouth To Write Out Runtime Data.
[[0;32m  OK  [0m] Started Create Volatile Files and Directories.
         Starting Update UTMP about System Boot/Shutdown...
[[0;32m  OK  [0m] Started Dispatch Password Requests to Console Directory Watch.
[[0;32m  OK  [0m] Started Update UTMP about System Boot/Shutdown.
[[0;32m  OK  [0m] Found device /dev/ttyS0.
[[0;32m  OK  [0m] Listening on Load/Save RF Kill Switch Status /dev/rfkill Watch.
[   18.999482] cloud-init[467]: Cloud-init v. 20.4.1-0ubuntu1~16.04.1 running 'init-local' at Sat, 06 Feb 2021 16:05:19 +0000. Up 18.46 seconds.
[[0;32m  OK  [0m] Started LSB: AppArmor initialization.
[[0;32m  OK  [0m] Started Initial cloud-init job (pre-networking).
[[0;32m  OK  [0m] Reached target Network (Pre).
         Starting Raise network interfaces...
         Starting Load AppArmor profiles managed internally by snapd...
[[0;32m  OK  [0m] Started Set console font and keymap.
[[0;32m  OK  [0m] Started Load AppArmor profiles managed internally by snapd.
[[0;32m  OK  [0m] Created slice system-getty.slice.
[[0;32m  OK  [0m] Started Raise network interfaces.
[[0;32m  OK  [0m] Reached target Network.
         Starting Initial cloud-init job (metadata service crawler)...
[   26.957589] cloud-init[931]: Cloud-init v. 20.4.1-0ubuntu1~16.04.1 running 'init' at Sat, 06 Feb 2021 16:05:27 +0000. Up 26.17 seconds.
[   27.002595] cloud-init[931]: [[0;32m  OK  [0m] Started Initial cloud-init job (metadata service crawler).
[[0;32m  OK  [0m] Reached target System Initialization.
[[0;32m  OK  [0m] Listening on ACPID Listen Socket.
         Starting Socket activation for snappy daemon.
ci-info: +++++++++++++++++++++++++++++++++++++Net device info++++++++++++++++++++++++++++++++++++++[[0;32m  OK  [0m] Started ACPI Events Check.
[[0;32m  OK  [0m] Reached target Paths.

[[0;32m  OK  [0m] Started Daily Cleanup of Temporary Directories.
[[0;32m  OK  [0m] Started Message of the Day.
[[0;32m  OK  [0m] Listening on D-Bus System Message Bus Socket.
[   27.133991] [[0;32m  OK  [0m] Listening on UUID daemon activation socket.
[[0;32m  OK  [0m] Started Daily apt download activities.
[[0;32m  OK  [0m] Started Daily apt upgrade and clean activities.
[[0;32m  OK  [0m] Reached target Timers.
cloud-init[931]: ci-info: +--------+------+---------------------------+---------------+--------+-------------------+
         Starting LXD - unix socket.
[   27.248171] cloud-init[931]: ci-info: | Device |  Up  |          Address          |      Mask     | Scope  |     Hw-Address    |
[   27.261436] cloud-init[931]: ci-info: +--------+------+---------------------------+---------------+--------+-------------------+
[   27.283559] cloud-init[931]: ci-info: | enp0s3 | True |         10.0.2.15         | 255.255.255.0 | global | 02:0f:4d:7a:2e:0f |
[   27.283662] cloud-init[931]: ci-info: | enp0s3 | True | fe80::f:4dff:fe7a:2e0f/64 |       .       |  link  | 02:0f:4d:7a:2e:0f |
[   27.292092] cloud-init[931]: ci-info: |   lo   | True |         127.0.0.1         |   255.0.0.0   |  host  |         .         |
[   27.330442] cloud-init[931]: ci-info: |   lo   | True |          ::1/128          |       .       |  host  |         .         |
[   27.368633] cloud-init[931]: ci-info: +--------+------+---------------------------+---------------+--------+-------------------+
[   27.374573] cloud-init[931]: ci-info: +++++++++++++++++++++++++++Route IPv4 info++++++++++++++++++++++++++++
[   27.374748] cloud-init[931]: ci-info: +-------+-------------+----------+---------------+-----------+-------+
[   27.375124] cloud-init[931]: ci-info: | Route | Destination | Gateway  |    Genmask    | Interface | Flags |
[   27.390146] cloud-init[931]: ci-info: +-------+-------------+----------+---------------+-----------+-------+
[   27.390479] cloud-init[931]: ci-info: |   0   |   0.0.0.0   | 10.0.2.2 |    0.0.0.0    |   enp0s3  |   UG  |
[   27.390606] cloud-init[931]: ci-info: |   1   |   10.0.2.0  | 0.0.0.0  | 255.255.255.0 |   enp0s3  |   U   |
[   27.390711] cloud-init[931]: ci-info: +-------+-------------+----------+---------------+-----------+-------+
[   27.390867] cloud-init[931]: ci-info: +++++++++++++++++++Route IPv6 info+++++++++++++++++++
[   27.390993] cloud-init[931]: ci-info: +-------+-------------+---------+-----------+-------+
[   27.434076] cloud-init[931]: ci-info: | Route | Destination | Gateway | Interface | Flags |
[[   27.439531] cloud-init[0;32m  OK  [0m] [931]: ci-info: +-------+-------------+---------+-----------+-------+
[   27.482536] cloud-init[931]: ci-info: |   0   |  fe80::/64  |    ::   |   enp0s3  |   U   |
Reached target Cloud-config availability.
[   27.483933] cloud-init[[0;32m  OK  [0m] Reached target Network is Online.
[931]: ci-info: |   3   |   ff00::/8  |    ::   |   enp0s3  |   U   |
[   27.582166] cloud-init[931]: ci-info: +-------+-------------+---------+-----------+-------+
         Starting iSCSI initiator daemon (iscsid)...
[[0;32m  OK  [0m] Listening on Socket activation for snappy daemon.
[[0;32m  OK  [0m] Listening on LXD - unix socket.
[   27.602656] cloud-init[931]: Generating public/private rsa key pair.
[   27.645076] [[0;32m  OK  [0m] Reached target Sockets.
cloud-init[931]: Your identification has been saved in /etc/ssh/ssh_host_rsa_key.
[[0;32m  OK  [0m] Reached target Basic System.
[   27.658684] cloud-init[931]: Your public key has been saved in /etc/ssh/ssh_host_rsa_key.pub.
[   27.690271] cloud-init[931]: The key fingerprint is:
[   27.701810] cloud-init[931]: SHA256:20gbsOTVk0qdaxJtO1DutA53zG08j1bo5zKi6lUOjg8 root@ubuntu-xenial
[[0;32m  OK  [0m] Started FUSE filesystem for LXC.
         Starting Accounts Service...
         Starting LSB: MD monitoring daemon...
         Starting Pollinate to seed the pseudo random number generator...
         Starting LXD - container startup/shutdown...
         Starting System Logging Service...
         Starting Login Service...
         Starting /etc/rc.local Compatibility...
[   27.719922] cloud-init[931]: The key's randomart image is:
[   27.831872] cloud-init[931]: +---[RSA 2048]----+
[   27.851848] cloud-init[[0;32m  OK  [0m[931]: |          .      |
] Started Regular background program processing daemon.
[   27.881790] cloud-init[[0;32m  OK  [0m] Started ACPI event daemon.
[931]: |         * o     |
         [   27.918920] cloud-init[931]: |      o = @      |
[   27.922984] cloud-init[931]: |     o = B B o . |
[   27.932611] cloud-init[931]: |      o S X = * .|
[   27.943937] cloud-init[931]: |       . # * o = |
[   27.945483] cloud-init[931]: |        E = . + o|
[   27.945592] cloud-init[931]: |         +  ..oo |
Starting Virtualbox guest utils...
[   27.972316] cloud-init[931]: |       .o.o. . o.|
[[0;32m  OK  [0m] Started D-Bus System Message Bus.
[   28.036389] cloud-init[931]: +----[SHA256]-----+
[   28.056104] cloud-init[931]: Generating public/private dsa key pair.
[   28.081669] cloud-init[931]: Your identification has been saved in /etc/ssh/ssh_host_dsa_key.
[   28.118652] cloud-init[931]: Your public key has been saved in /etc/ssh/ssh_host_dsa_key.pub.
[   28.155841] cloud-init[931]: The key fingerprint is:
[   28.185789] cloud-init[931]: SHA256:0J7RcsQRiTJ+HmsZcV5O8iQ1kVYxhQzLjA3osgOCDbU root@ubuntu-xenial
[   28.228575]          Starting Snap Daemon...
         Starting LSB: Record successful boot for GRUB...
[[0;32m  OK  [0m] Started Deferred execution scheduler.
[[0;32m  OK  [0m] Started System Logging Service.
[[0;32m  OK  [0m] Started /etc/rc.local Compatibility.
cloud-init[931]: The key's randomart image is:
[   28.329635] cloud-init[[0;32m  OK  [0m] Started Login Service.
[[931]: +---[DSA 1024]----+
[0;32m  OK  [0m] Started iSCSI initiator daemon (iscsid).
[   28.371012] cloud-init[931]: | ..      +===*++.|
         Starting Authenticate and Authorize Users to Run Privileged Tasks...
         Starting Login to default iSCSI targets...
[[0;32m  OK  [0m] Started Unattended Upgrades Shutdown.
[   28.387638] cloud-init[931]: [[0;32m  OK  [0m] Started LSB: MD monitoring daemon.
[|.  .  o.+o***oo. |[0;32m  OK  [0m] Started LXD - container startup/shutdown.

[   28.510436] cloud-init[931]: | +E  ..++++X=    |
[   28.567302] cloud-init[931]: |. o . oo==. o    |[[0;32m  OK  [0m] Started LSB: Record successful boot for GRUB.

[   28.607743] cloud-init[931]: |   . . =S=       |
[   28.628784] cloud-init[931]: |      o =        |
[   28.644515] cloud-init[931]: [[0;32m  OK  [0m] Started Authenticate and Authorize Users to Run Privileged Tasks.
|       o         |
[   28.672475] cloud-init[931]: |                 |
[   28.690155] cloud-init[931]: [[0;32m  OK  [0m] Started Login to default iSCSI targets.
[[0;32m  OK  [0m] Reached target Remote File Systems (Pre).
[[0;32m  OK  [0m] Reached target Remote File Systems.
|                 |
         Starting LSB: daemon to balance interrupts for SMP systems...
         Starting Permit User Sessions...
         Starting LSB: automatic crash report generation...
         Starting LSB: Set the CPU Frequency Scaling governor to "ondemand"...
[[0;32m  OK  [0m] Started Accounts Service.
[   28.883606] [[0;32m  OK  [0m] Started Permit User Sessions.
         Starting Terminate Plymouth Boot Screen...
         Starting Hold until boot process finishes up...
cloud-init[931]: [[0;32m  OK  [0m] Started Hold until boot process finishes up.
[+----[SHA256]-----+[0;32m  OK  [0m] Started Terminate Plymouth Boot Screen.
[[0;32m  OK  [0m] Started Getty on tty1.
         Starting Set console scheme...
[[0;32m  OK  [0m] Started Serial Getty on ttyS0.
[[0;32m  OK  [0m] Reached target Login Prompts.

[   29.019510] cloud-init[931]: Generating public/private ecdsa key pair.
[   29.037367] cloud-init[931]: [[0;32m  OK  [0m] Started Set console scheme.
Your identification has been saved in /etc/ssh/ssh_host_ecdsa_key.
[   29.069521] cloud-init[931]: [[0;32m  OK  [0m] Started LSB: Set the CPU Frequency Scaling governor to "ondemand".
Your public key has been saved in /etc/ssh/ssh_host_ecdsa_key.pub.[[0;32m  OK  [0m] Started LSB: daemon to balance interrupts for SMP systems.

[   29.143029] cloud-init[931]: The key fingerprint is:
[   29.167666] cloud-init[931]: SHA256:vSHYJm24kaun/UVmUdq2ZWkIofOeRC3PZo8S7B49AEM root@ubuntu-xenial
[   29.191841] cloud-init[931]: The key's randomart image is:
[   29.220470] [[0;32m  OK  [0m] Started LSB: automatic crash report generation.
[[0;32m  OK  [0m] Started Virtualbox guest utils.
cloud-init[931]: +---[ECDSA 256]---+
[   29.262061] cloud-init[931]: |        E o..    |
[   29.276853] cloud-init[931]: |       . . * . . |
[   29.295703] cloud-init[931]: |        = = = =  |
[   29.332612] cloud-init[931]: |       * O * =   |
[   29.355749] cloud-init[931]: |      * S % *    |
[   29.374458] cloud-init[931]: |       B O X o   |
[   29.387730] cloud-init[931]: |      o   O + .  |
[   29.409413] cloud-init[931]: |     o.  o o .   |
[   29.433527] cloud-init[931]: |    oo... .      |
[   29.449426] cloud-init[931]: +----[SHA256]-----+
[   29.462846] cloud-init[931]: Generating public/private ed25519 key pair.
[   29.474933] cloud-init[931]: Your identification has been saved in /etc/ssh/ssh_host_ed25519_key.
[   29.503810] cloud-init[931]: Your public key has been saved in /etc/ssh/ssh_host_ed25519_key.pub.
[   29.532272] cloud-init[931]: The key fingerprint is:
[   29.553379] cloud-init[931]: SHA256:rPudQCpahOJXGJZUTJar4c8C7UAniP+1FDGLoKNcUag root@ubuntu-xenial
[   29.588878] cloud-init[931]: The key's randomart image is:
[   29.611790] cloud-init[931]: +--[ED25519 256]--+
[   29.639256] cloud-init[931]: |   .*=.          |
[   29.666966] cloud-init[931]: |  ooooo          |
[   29.681994] cloud-init[931]: |o..=...+         |
[   29.714233] cloud-init[931]: |=E.=+.o.         |
[   29.743109] cloud-init[931]: |=oB.+. .S        |
[   29.782016] cloud-init[931]: |o=.=. o+         |[[0;32m  OK  [0m] Started Pollinate to seed the pseudo random number generator.

[   29.831490] cloud-init[931]: | .+o=oo..        |         Starting OpenBSD Secure Shell server...

[   29.890906] cloud-init[931]: |  .=.+.. o .     |
[   29.920080] cloud-init[931]: |  . . ... o      |
[   29.939436] cloud-init[931]: +----[SHA256]-----+
[[0;32m  OK  [0m] Started OpenBSD Secure Shell server.
[[0;32m  OK  [0m] Started Snap Daemon.
         Starting Wait until snapd is fully seeded...
[[0;32m  OK  [0m] Created slice User Slice of vagrant.
         Starting User Manager for UID 1000...
[[0;32m  OK  [0m] Started Session 1 of user vagrant.
[[0;32m  OK  [0m] Started User Manager for UID 1000.
[[0;32m  OK  [0m] Started Wait until snapd is fully seeded.
         Starting Apply the settings specified in cloud-config...
[[0;32m  OK  [0m] Reached target Multi-User System.
[[0;32m  OK  [0m] Reached target Graphical Interface.
         Starting Update UTMP about System Runlevel Changes...
[[0;32m  OK  [0m] Started Update UTMP about System Runlevel Changes.
[   33.708639] cloud-init[1433]: Generating locales (this might take a while)...

Ubuntu 16.04.7 LTS ubuntu-xenial ttyS0

ubuntu-xenial login: [   35.306894] cloud-init[1433]:   en_US.UTF-8... done
[   35.320847] cloud-init[1433]: Generation complete.
[   35.961773] cloud-init[1433]: Cloud-init v. 20.4.1-0ubuntu1~16.04.1 running 'modules:config' at Sat, 06 Feb 2021 16:05:34 +0000. Up 33.53 seconds.
ci-info: no authorized SSH keys fingerprints found for user ubuntu.
<14>Feb  6 16:05:37 ec2: 
<14>Feb  6 16:05:37 ec2: #############################################################
<14>Feb  6 16:05:37 ec2: -----BEGIN SSH HOST KEY FINGERPRINTS-----
<14>Feb  6 16:05:37 ec2: 1024 SHA256:0J7RcsQRiTJ+HmsZcV5O8iQ1kVYxhQzLjA3osgOCDbU root@ubuntu-xenial (DSA)
<14>Feb  6 16:05:37 ec2: 256 SHA256:vSHYJm24kaun/UVmUdq2ZWkIofOeRC3PZo8S7B49AEM root@ubuntu-xenial (ECDSA)
<14>Feb  6 16:05:37 ec2: 256 SHA256:rPudQCpahOJXGJZUTJar4c8C7UAniP+1FDGLoKNcUag root@ubuntu-xenial (ED25519)
<14>Feb  6 16:05:37 ec2: 2048 SHA256:20gbsOTVk0qdaxJtO1DutA53zG08j1bo5zKi6lUOjg8 root@ubuntu-xenial (RSA)
<14>Feb  6 16:05:37 ec2: -----END SSH HOST KEY FINGERPRINTS-----
<14>Feb  6 16:05:37 ec2: #############################################################
-----BEGIN SSH HOST KEY KEYS-----
ecdsa-sha2-nistp256 AAAAE2VjZHNhLXNoYTItbmlzdHAyNTYAAAAIbmlzdHAyNTYAAABBBKgWae8CC2dPehSVtECfkjUfmFI28IpK4ynfPZpbdy4eno9ZSBjfLIiT2zuvVb+eOBzHO5IBiHI0qtHstLT7fpI= root@ubuntu-xenial
ssh-ed25519 AAAAC3NzaC1lZDI1NTE5AAAAIAefS2rRJCIczPi+me9yLkrl6+UDI+dYm6i6ubkkmaPK root@ubuntu-xenial
ssh-rsa AAAAB3NzaC1yc2EAAAADAQABAAABAQCr/Sk5UIoaZJLCE7BujI4QaviugRXRRp6NJ63q540e8L1SD0znx+w4t0ei/t7akFsN58E1ViNCKTG0D1VdMJaaEyuVIqAREX1PSK7fklwkq+NjjC4fiECRlhYFHmcGXav8lvRfOQJ07Ku50/Dq1J/e9goSk0c6I/jt5uGDSVacbuRwhb6VP7uqwqPqoLkKbRjCFTBU5eSvMjUog9CEBx4+GhSKQwIxUP9R5CZFA2/w/QD4ivtYIXgd10+MQDppJcBZM0MWrDfszvzXybKBr89F9LPFKvCygd3Dwyd8j4yYBGsGAXawDHTL6H9KGbb6RyX1N7Kn/bcx73KsFmak2d2x root@ubuntu-xenial
-----END SSH HOST KEY KEYS-----
[   37.157609] cloud-init[1594]: Cloud-init v. 20.4.1-0ubuntu1~16.04.1 running 'modules:final' at Sat, 06 Feb 2021 16:05:37 +0000. Up 36.73 seconds.
[   37.163717] cloud-init[1594]: ci-info: no authorized SSH keys fingerprints found for user ubuntu.
[   37.164004] cloud-init[1594]: Cloud-init v. 20.4.1-0ubuntu1~16.04.1 finished at Sat, 06 Feb 2021 16:05:37 +0000. Datasource DataSourceNoCloud [seed=/dev/sdb][dsmode=net].  Up 37.13 seconds
