[    0.000000] Initializing cgroup subsys cpuset
[    0.000000] Initializing cgroup subsys cpu
[    0.000000] Initializing cgroup subsys cpuacct
[    0.000000] Linux version 4.4.0-201-generic (buildd@lgw01-amd64-044) (gcc version 5.4.0 20160609 (Ubuntu 5.4.0-6ubuntu1~16.04.12) ) #233-Ubuntu SMP Thu Jan 14 06:10:28 UTC 2021 (Ubuntu 4.4.0-201.233-generic 4.4.247)
[    0.000000] Command line: BOOT_IMAGE=/boot/vmlinuz-4.4.0-201-generic root=LABEL=cloudimg-rootfs ro console=tty1 console=ttyS0
[    0.000000] KERNEL supported cpus:
[    0.000000]   Intel GenuineIntel
[    0.000000]   AMD AuthenticAMD
[    0.000000]   Centaur CentaurHauls
[    0.000000] x86/fpu: xstate_offset[2]:  576, xstate_sizes[2]:  256
[    0.000000] x86/fpu: Supporting XSAVE feature 0x01: 'x87 floating point registers'
[    0.000000] x86/fpu: Supporting XSAVE feature 0x02: 'SSE registers'
[    0.000000] x86/fpu: Supporting XSAVE feature 0x04: 'AVX registers'
[    0.000000] x86/fpu: Enabled xstate features 0x7, context size is 832 bytes, using 'standard' format.
[    0.000000] e820: BIOS-provided physical RAM map:
[    0.000000] BIOS-e820: [mem 0x0000000000000000-0x000000000009fbff] usable
[    0.000000] BIOS-e820: [mem 0x000000000009fc00-0x000000000009ffff] reserved
[    0.000000] BIOS-e820: [mem 0x00000000000f0000-0x00000000000fffff] reserved
[    0.000000] BIOS-e820: [mem 0x0000000000100000-0x000000003ffeffff] usable
[    0.000000] BIOS-e820: [mem 0x000000003fff0000-0x000000003fffffff] ACPI data
[    0.000000] BIOS-e820: [mem 0x00000000fec00000-0x00000000fec00fff] reserved
[    0.000000] BIOS-e820: [mem 0x00000000fee00000-0x00000000fee00fff] reserved
[    0.000000] BIOS-e820: [mem 0x00000000fffc0000-0x00000000ffffffff] reserved
[    0.000000] NX (Execute Disable) protection: active
[    0.000000] SMBIOS 2.5 present.
[    0.000000] Hypervisor detected: KVM
[    0.000000] e820: last_pfn = 0x3fff0 max_arch_pfn = 0x400000000
[    0.000000] MTRR: Disabled
[    0.000000] x86/PAT: MTRRs disabled, skipping PAT initialization too.
[    0.000000] CPU MTRRs all blank - virtualized system.
[    0.000000] x86/PAT: Configuration [0-7]: WB  WT  UC- UC  WB  WT  UC- UC  
[    0.000000] found SMP MP-table at [mem 0x0009fff0-0x0009ffff] mapped at [ffff88000009fff0]
[    0.000000] Scanning 1 areas for low memory corruption
[    0.000000] RAMDISK: [mem 0x362dc000-0x37165fff]
[    0.000000] ACPI: Early table checksum verification disabled
[    0.000000] ACPI: RSDP 0x00000000000E0000 000024 (v02 VBOX  )
[    0.000000] ACPI: XSDT 0x000000003FFF0030 00003C (v01 VBOX   VBOXXSDT 00000001 ASL  00000061)
[    0.000000] ACPI: FACP 0x000000003FFF00F0 0000F4 (v04 VBOX   VBOXFACP 00000001 ASL  00000061)
[    0.000000] ACPI: DSDT 0x000000003FFF0470 002325 (v02 VBOX   VBOXBIOS 00000002 INTL 20190509)
[    0.000000] ACPI: FACS 0x000000003FFF0200 000040
[    0.000000] ACPI: FACS 0x000000003FFF0200 000040
[    0.000000] ACPI: APIC 0x000000003FFF0240 00005C (v02 VBOX   VBOXAPIC 00000001 ASL  00000061)
[    0.000000] ACPI: SSDT 0x000000003FFF02A0 0001CC (v01 VBOX   VBOXCPUT 00000002 INTL 20190509)
[    0.000000] No NUMA configuration found
[    0.000000] Faking a node at [mem 0x0000000000000000-0x000000003ffeffff]
[    0.000000] NODE_DATA(0) allocated [mem 0x3ffeb000-0x3ffeffff]
[    0.000000] kvm-clock: Using msrs 4b564d01 and 4b564d00
[    0.000000] kvm-clock: cpu 0, msr 0:3ffe3001, primary cpu clock
[    0.000000] kvm-clock: using sched offset of 5978312023 cycles
[    0.000000] clocksource: kvm-clock: mask: 0xffffffffffffffff max_cycles: 0x1cd42e4dffb, max_idle_ns: 881590591483 ns
[    0.000000] Zone ranges:
[    0.000000]   DMA      [mem 0x0000000000001000-0x0000000000ffffff]
[    0.000000]   DMA32    [mem 0x0000000001000000-0x000000003ffeffff]
[    0.000000]   Normal   empty
[    0.000000]   Device   empty
[    0.000000] Movable zone start for each node
[    0.000000] Early memory node ranges
[    0.000000]   node   0: [mem 0x0000000000001000-0x000000000009efff]
[    0.000000]   node   0: [mem 0x0000000000100000-0x000000003ffeffff]
[    0.000000] Initmem setup node 0 [mem 0x0000000000001000-0x000000003ffeffff]
[    0.000000] ACPI: PM-Timer IO Port: 0x4008
[    0.000000] IOAPIC[0]: apic_id 2, version 32, address 0xfec00000, GSI 0-23
[    0.000000] ACPI: INT_SRC_OVR (bus 0 bus_irq 0 global_irq 2 dfl dfl)
[    0.000000] ACPI: INT_SRC_OVR (bus 0 bus_irq 9 global_irq 9 low level)
[    0.000000] Using ACPI (MADT) for SMP configuration information
[    0.000000] smpboot: Allowing 2 CPUs, 0 hotplug CPUs
[    0.000000] PM: Registered nosave memory: [mem 0x00000000-0x00000fff]
[    0.000000] PM: Registered nosave memory: [mem 0x0009f000-0x0009ffff]
[    0.000000] PM: Registered nosave memory: [mem 0x000a0000-0x000effff]
[    0.000000] PM: Registered nosave memory: [mem 0x000f0000-0x000fffff]
[    0.000000] e820: [mem 0x40000000-0xfebfffff] available for PCI devices
[    0.000000] Booting paravirtualized kernel on KVM
[    0.000000] clocksource: refined-jiffies: mask: 0xffffffff max_cycles: 0xffffffff, max_idle_ns: 7645519600211568 ns
[    0.000000] setup_percpu: NR_CPUS:512 nr_cpumask_bits:512 nr_cpu_ids:2 nr_node_ids:1
[    0.000000] PERCPU: Embedded 33 pages/cpu @ffff88003fc00000 s95640 r8192 d31336 u1048576
[    0.000000] Built 1 zonelists in Node order, mobility grouping on.  Total pages: 257912
[    0.000000] Policy zone: DMA32
[    0.000000] Kernel command line: BOOT_IMAGE=/boot/vmlinuz-4.4.0-201-generic root=LABEL=cloudimg-rootfs ro console=tty1 console=ttyS0
[    0.000000] PID hash table entries: 4096 (order: 3, 32768 bytes)
[    0.000000] Memory: 997656K/1048120K available (8641K kernel code, 1337K rwdata, 4044K rodata, 1492K init, 1296K bss, 50464K reserved, 0K cma-reserved)
[    0.000000] SLUB: HWalign=64, Order=0-3, MinObjects=0, CPUs=2, Nodes=1
[    0.000000] Kernel/User page tables isolation: enabled
[    0.000000] Hierarchical RCU implementation.
[    0.000000] 	Build-time adjustment of leaf fanout to 64.
[    0.000000] 	RCU restricting CPUs from NR_CPUS=512 to nr_cpu_ids=2.
[    0.000000] RCU: Adjusting geometry for rcu_fanout_leaf=64, nr_cpu_ids=2
[    0.000000] NR_IRQS:33024 nr_irqs:440 16
[    0.000000] Console: colour VGA+ 80x25
[    0.000000] console [tty1] enabled
[    0.000000] console [ttyS0] enabled
[    0.000000] tsc: Detected 3605.660 MHz processor
[    1.418352] Calibrating delay loop (skipped) preset value.. 7211.32 BogoMIPS (lpj=14422640)
[    1.436186] pid_max: default: 32768 minimum: 301
[    1.446583] ACPI: Core revision 20150930
[    1.456305] ACPI: 2 ACPI AML tables successfully acquired and loaded
[    1.472603] Security Framework initialized
[    1.490376] Yama: becoming mindful.
[    1.500365] AppArmor: AppArmor initialized
[    1.511988] Dentry cache hash table entries: 131072 (order: 8, 1048576 bytes)
[    1.530790] Inode-cache hash table entries: 65536 (order: 7, 524288 bytes)
[    1.548979] Mount-cache hash table entries: 2048 (order: 2, 16384 bytes)
[    1.564245] Mountpoint-cache hash table entries: 2048 (order: 2, 16384 bytes)
[    1.580913] Initializing cgroup subsys io
[    1.591119] Initializing cgroup subsys memory
[    1.600851] Initializing cgroup subsys devices
[    1.612786] Initializing cgroup subsys freezer
[    1.626050] Initializing cgroup subsys net_cls
[    1.640936] Initializing cgroup subsys perf_event
[    1.655626] Initializing cgroup subsys net_prio
[    1.668765] Initializing cgroup subsys hugetlb
[    1.679289] Initializing cgroup subsys pids
[    1.692477] mce: CPU supports 0 MCE banks
[    1.702060] Last level iTLB entries: 4KB 512, 2MB 8, 4MB 8
[    1.713945] Last level dTLB entries: 4KB 512, 2MB 32, 4MB 32, 1GB 0
[    1.726987] Spectre V1 : Mitigation: usercopy/swapgs barriers and __user pointer sanitization
[    1.749953] Spectre V2 : Mitigation: Full generic retpoline
[    1.763252] Spectre V2 : Spectre v2 / SpectreRSB mitigation: Filling RSB on context switch
[    1.784167] Speculative Store Bypass: Vulnerable
[    1.796374] SRBDS: Unknown: Dependent on hypervisor status
[    1.808081] MDS: Mitigation: Clear CPU buffers
[    1.853336] Freeing SMP alternatives memory: 36K
[    1.939002] ftrace: allocating 32361 entries in 127 pages
[    2.494018] smpboot: APIC(0) Converting physical 0 to logical package 0
[    2.506288] smpboot: Max logical packages: 1
[    2.517837] x2apic enabled
[    2.527029] Switched APIC routing to physical x2apic.
[    2.547716] ..TIMER: vector=0x30 apic1=0 pin1=2 apic2=-1 pin2=-1
[    2.668792] APIC calibration not consistent with PM-Timer: 101ms instead of 100ms
[    2.685720] APIC delta adjusted to PM-Timer: 6371553 (6437983)
[    2.700759] smpboot: CPU0: Intel(R) Core(TM) i7-3770K CPU @ 3.50GHz (family: 0x6, model: 0x3a, stepping: 0x9)
[    2.736525] Performance Events: unsupported p6 CPU model 58 no PMU driver, software events only.
[    2.857631] KVM setup paravirtual spinlock
[    2.869256] x86: Booting SMP configuration:
[    2.879836] .... node  #0, CPUs:      #1
[    2.892132] kvm-clock: cpu 1, msr 0:3ffe3041, secondary cpu clock
[    2.904123] mce: CPU supports 0 MCE banks
[    2.913493] x86: Booted up 1 node, 2 CPUs
[    2.927685] smpboot: Total of 2 processors activated (14422.64 BogoMIPS)
[    2.944495] devtmpfs: initialized
[    2.954110] evm: security.selinux
[    2.961689] evm: security.SMACK64
[    2.970391] evm: security.SMACK64EXEC
[    2.977889] evm: security.SMACK64TRANSMUTE
[    2.985940] evm: security.SMACK64MMAP
[    2.994971] evm: security.ima
[    3.003054] evm: security.capability
[    3.011204] clocksource: jiffies: mask: 0xffffffff max_cycles: 0xffffffff, max_idle_ns: 7645041785100000 ns
[    3.030884] futex hash table entries: 512 (order: 3, 32768 bytes)
[    3.042940] pinctrl core: initialized pinctrl subsystem
[    3.054747] RTC time:  0:35:30, date: 02/06/21
[    3.064652] NET: Registered protocol family 16
[    3.083394] cpuidle: using governor ladder
[    3.103349] cpuidle: using governor menu
[    3.112624] PCCT header not found.
[    3.120623] ACPI: bus type PCI registered
[    3.130223] acpiphp: ACPI Hot Plug PCI Controller Driver version: 0.5
[    3.144580] PCI: Using configuration type 1 for base access
[    3.173569] ACPI: Added _OSI(Module Device)
[    3.184386] ACPI: Added _OSI(Processor Device)
[    3.196001] ACPI: Added _OSI(3.0 _SCP Extensions)
[    3.207202] ACPI: Added _OSI(Processor Aggregator Device)
[    3.221425] ACPI: Executed 1 blocks of module-level executable AML code
[    3.243313] ACPI: Interpreter enabled
[    3.252292] ACPI: (supports S0 S5)
[    3.260484] ACPI: Using IOAPIC for interrupt routing
[    3.271381] PCI: Using host bridge windows from ACPI; if necessary, use "pci=nocrs" and report a bug
[    3.300314] ACPI: PCI Root Bridge [PCI0] (domain 0000 [bus 00-ff])
[    3.313382] acpi PNP0A03:00: _OSC: OS supports [ASPM ClockPM Segments MSI]
[    3.328422] acpi PNP0A03:00: _OSC: not requesting OS control; OS requires [ExtendedConfig ASPM ClockPM MSI]
[    3.348564] acpi PNP0A03:00: fail to add MMCONFIG information, can't access extended PCI configuration space under this bridge.
[    3.374298] PCI host bridge to bus 0000:00
[    3.383899] pci_bus 0000:00: root bus resource [io  0x0000-0x0cf7 window]
[    3.398700] pci_bus 0000:00: root bus resource [io  0x0d00-0xffff window]
[    3.413086] pci_bus 0000:00: root bus resource [mem 0x000a0000-0x000bffff window]
[    3.431077] pci_bus 0000:00: root bus resource [mem 0x40000000-0xfdffffff window]
[    3.448493] pci_bus 0000:00: root bus resource [bus 00-ff]
[    3.577354] pci 0000:00:01.1: legacy IDE quirk: reg 0x10: [io  0x01f0-0x01f7]
[    3.592511] pci 0000:00:01.1: legacy IDE quirk: reg 0x14: [io  0x03f6]
[    3.605643] pci 0000:00:01.1: legacy IDE quirk: reg 0x18: [io  0x0170-0x0177]
[    3.620706] pci 0000:00:01.1: legacy IDE quirk: reg 0x1c: [io  0x0376]
[    3.773263] pci 0000:00:07.0: quirk: [io  0x4000-0x403f] claimed by PIIX4 ACPI
[    3.795450] pci 0000:00:07.0: quirk: [io  0x4100-0x410f] claimed by PIIX4 SMB
[    3.861598] ACPI: PCI Interrupt Link [LNKA] (IRQs 5 9 10 *11)
[    3.889031] ACPI: PCI Interrupt Link [LNKB] (IRQs 5 9 *10 11)
[    3.913374] ACPI: PCI Interrupt Link [LNKC] (IRQs 5 *9 10 11)
[    3.938616] ACPI: PCI Interrupt Link [LNKD] (IRQs 5 9 10 *11)
[    3.969188] ACPI: Enabled 2 GPEs in block 00 to 07
[    3.998077] vgaarb: setting as boot device: PCI:0000:00:02.0
[    4.012201] vgaarb: device added: PCI:0000:00:02.0,decodes=io+mem,owns=io+mem,locks=none
[    4.039315] vgaarb: loaded
[    4.048477] vgaarb: bridge control possible 0000:00:02.0
[    4.062463] SCSI subsystem initialized
[    4.076490] ACPI: bus type USB registered
[    4.088431] usbcore: registered new interface driver usbfs
[    4.101537] usbcore: registered new interface driver hub
[    4.114641] usbcore: registered new device driver usb
[    4.126993] PCI: Using ACPI for IRQ routing
[    4.137474] NetLabel: Initializing
[    4.146354] NetLabel:  domain hash size = 128
[    4.158784] NetLabel:  protocols = UNLABELED CIPSOv4
[    4.171969] NetLabel:  unlabeled traffic allowed by default
[    4.186922] amd_nb: Cannot enumerate AMD northbridges
[    4.199353] clocksource: Switched to clocksource kvm-clock
[    4.226353] AppArmor: AppArmor Filesystem Enabled
[    4.238511] pnp: PnP ACPI init
[    4.249734] pnp: PnP ACPI: found 3 devices
[    4.266717] clocksource: acpi_pm: mask: 0xffffff max_cycles: 0xffffff, max_idle_ns: 2085701024 ns
[    4.286535] NET: Registered protocol family 2
[    4.297222] TCP established hash table entries: 8192 (order: 4, 65536 bytes)
[    4.312505] TCP bind hash table entries: 8192 (order: 5, 131072 bytes)
[    4.326452] TCP: Hash tables configured (established 8192 bind 8192)
[    4.340323] UDP hash table entries: 512 (order: 2, 16384 bytes)
[    4.353206] UDP-Lite hash table entries: 512 (order: 2, 16384 bytes)
[    4.367996] NET: Registered protocol family 1
[    4.377616] pci 0000:00:00.0: Limiting direct PCI/PCI transfers
[    4.392103] pci 0000:00:01.0: Activating ISA DMA hang workarounds
[    4.406153] Unpacking initramfs...
[    4.640232] Freeing initrd memory: 14888K
[    4.650050] RAPL PMU detected, API unit is 2^-32 Joules, 3 fixed counters 10737418240 ms ovfl timer
[    4.672242] hw unit of domain pp0-core 2^-0 Joules
[    4.682749] hw unit of domain package 2^-0 Joules
[    4.694985] hw unit of domain pp1-gpu 2^-0 Joules
[    4.706622] clocksource: tsc: mask: 0xffffffffffffffff max_cycles: 0x33f9363cf70, max_idle_ns: 440795282676 ns
[    4.732847] platform rtc_cmos: registered platform RTC device (no PNP device found)
[    4.753307] Scanning for low memory corruption every 60 seconds
[    4.770262] audit: initializing netlink subsys (disabled)
[    4.789953] audit: type=2000 audit(1612571736.495:1): initialized
[    4.807406] Initialise system trusted keyring
[    4.821946] HugeTLB registered 2 MB page size, pre-allocated 0 pages
[    4.837368] zbud: loaded
[    4.844999] VFS: Disk quotas dquot_6.6.0
[    4.854503] VFS: Dquot-cache hash table entries: 512 (order 0, 4096 bytes)
[    4.869206] squashfs: version 4.0 (2009/01/31) Phillip Lougher
[    4.882236] fuse init (API version 7.23)
[    4.892631] Key type big_key registered
[    4.902196] Allocating IMA MOK and blacklist keyrings.
[    4.946850] Key type asymmetric registered
[    4.957039] Asymmetric key parser 'x509' registered
[    4.970881] Block layer SCSI generic (bsg) driver version 0.4 loaded (major 249)
[    4.989149] io scheduler noop registered
[    4.998012] io scheduler deadline registered (default)
[    5.009215] io scheduler cfq registered
[    5.022082] pci_hotplug: PCI Hot Plug PCI Core version: 0.5
[    5.034835] pciehp: PCI Express Hot Plug Controller Driver version: 0.4
[    5.051334] ACPI: AC Adapter [AC] (on-line)
[    5.062027] input: Power Button as /devices/LNXSYSTM:00/LNXPWRBN:00/input/input0
[    5.081862] ACPI: Power Button [PWRF]
[    5.095084] input: Sleep Button as /devices/LNXSYSTM:00/LNXSLPBN:00/input/input1
[    5.116568] ACPI: Sleep Button [SLPF]
[    5.134025] GHES: HEST is not enabled!
[    5.146238] Serial: 8250/16550 driver, 32 ports, IRQ sharing enabled
[    5.191578] 00:02: ttyS0 at I/O 0x3f8 (irq = 4, base_baud = 115200) is a 16550A
[    5.268779] Linux agpgart interface v0.103
[    5.285080] loop: module loaded
[    5.298996] scsi host0: ata_piix
[    5.310010] scsi host1: ata_piix
[    5.324586] ata1: PATA max UDMA/33 cmd 0x1f0 ctl 0x3f6 bmdma 0xd000 irq 14
[    5.341793] ata2: PATA max UDMA/33 cmd 0x170 ctl 0x376 bmdma 0xd008 irq 15
[    5.362763] libphy: Fixed MDIO Bus: probed
[    5.372900] tun: Universal TUN/TAP device driver, 1.6
[    5.384515] tun: (C) 1999-2004 Max Krasnyansky <maxk@qualcomm.com>
[    5.402830] PPP generic driver version 2.4.2
[    5.414484] ehci_hcd: USB 2.0 'Enhanced' Host Controller (EHCI) Driver
[    5.431270] ehci-pci: EHCI PCI platform driver
[    5.444371] ehci-platform: EHCI generic platform driver
[    5.459682] ohci_hcd: USB 1.1 'Open' Host Controller (OHCI) Driver
[    5.475151] ohci-pci: OHCI PCI platform driver
[    5.487326] ohci-platform: OHCI generic platform driver
[    5.501345] uhci_hcd: USB Universal Host Controller Interface driver
[    5.553338] i8042: PNP: PS/2 Controller [PNP0303:PS2K,PNP0f03:PS2M] at 0x60,0x64 irq 1,12
[    5.602898] serio: i8042 KBD port at 0x60,0x64 irq 1
[    5.616019] serio: i8042 AUX port at 0x60,0x64 irq 12
[    5.628267] mousedev: PS/2 mouse device common for all mice
[    5.644294] rtc_cmos rtc_cmos: rtc core: registered rtc_cmos as rtc0
[    5.659864] input: AT Translated Set 2 keyboard as /devices/platform/i8042/serio0/input/input2
[    5.680269] rtc_cmos rtc_cmos: alarms up to one day, 114 bytes nvram
[    5.694233] i2c /dev entries driver
[    5.703763] device-mapper: uevent: version 1.0.3
[    5.718681] device-mapper: ioctl: 4.34.0-ioctl (2015-10-28) initialised: dm-devel@redhat.com
[    5.744220] ledtrig-cpu: registered to indicate activity on CPUs
[    5.761312] NET: Registered protocol family 10
[    5.773677] NET: Registered protocol family 17
[    5.787130] Key type dns_resolver registered
[    5.800187] registered taskstats version 1
[    5.810473] Loading compiled-in X.509 certificates
[    5.822234] Loaded X.509 cert 'Build time autogenerated kernel key: 9e5e2330314f2a00b0409bdb338e201244d5149f'
[    5.844408] zswap: loaded using pool lzo/zbud
[    5.857450] Key type trusted registered
[    5.874832] Key type encrypted registered
[    5.884753] AppArmor: AppArmor sha1 policy hashing enabled
[    5.898269] ima: No TPM chip found, activating TPM-bypass!
[    5.909936] ima: Allocated hash algorithm: sha1
[    5.922354] evm: HMAC attrs: 0x1
[    5.932480]   Magic number: 9:450:556
[    5.942733] rtc_cmos rtc_cmos: setting system clock to 2021-02-06 00:35:32 UTC (1612571732)
[    5.963433] BIOS EDD facility v0.16 2004-Jun-25, 0 devices found
[    5.976819] EDD information not available.
[    5.991724] Freeing unused kernel memory: 1492K
[    6.002015] Write protecting the kernel read-only data: 14336k
[    6.018135] Freeing unused kernel memory: 1588K
[    6.031984] Freeing unused kernel memory: 52K
Loading, please wait...
starting version 229
[    6.075807] random: systemd-udevd: uninitialized urandom read (16 bytes read, 3 bits of entropy available)
[    6.079154] random: udevadm: uninitialized urandom read (16 bytes read, 3 bits of entropy available)
[    6.079736] random: udevadm: uninitialized urandom read (16 bytes read, 3 bits of entropy available)
[    6.114635] random: udevadm: uninitialized urandom read (16 bytes read, 3 bits of entropy available)
[    6.114677] random: udevadm: uninitialized urandom read (16 bytes read, 3 bits of entropy available)
[    6.114815] random: udevadm: uninitialized urandom read (16 bytes read, 3 bits of entropy available)
[    6.114883] random: udevadm: uninitialized urandom read (16 bytes read, 3 bits of entropy available)
[    6.114941] random: udevadm: uninitialized urandom read (16 bytes read, 3 bits of entropy available)
[    6.114991] random: udevadm: uninitialized urandom read (16 bytes read, 3 bits of entropy available)
[    6.115038] random: udevadm: uninitialized urandom read (16 bytes read, 3 bits of entropy available)
[    6.360812] e1000: Intel(R) PRO/1000 Network Driver - version 7.3.21-k8-NAPI
[    6.395801] e1000: Copyright (c) 1999-2006 Intel Corporation.
[    6.420938] Fusion MPT base driver 3.04.20
[    6.435762] Copyright (c) 1999-2008 LSI Corporation
[    6.468693] Fusion MPT SPI Host driver 3.04.20
[    6.487465] AVX version of gcm_enc/dec engaged.
[    6.500853] AES CTR mode by8 optimization enabled
[    6.826064] input: ImExPS/2 Generic Explorer Mouse as /devices/platform/i8042/serio1/input/input4
[    7.536067] e1000 0000:00:03.0 eth0: (PCI:33MHz:32-bit) 02:0f:4d:7a:2e:0f
[    7.550435] e1000 0000:00:03.0 eth0: Intel(R) PRO/1000 Network Connection
[    7.570148] e1000 0000:00:03.0 enp0s3: renamed from eth0
[    7.592438] mptbase: ioc0: Initiating bringup
[    8.048506] ioc0: LSI53C1030 A0: Capabilities={Initiator}
[    9.767352] scsi host2: ioc0: LSI53C1030 A0, FwRev=00000000h, Ports=1, MaxQ=256, IRQ=20
[   10.984191] scsi 2:0:0:0: Direct-Access     VBOX     HARDDISK         1.0  PQ: 0 ANSI: 5
[   11.003700] scsi target2:0:0: Beginning Domain Validation
[   11.024322] scsi target2:0:0: Domain Validation skipping write tests
[   11.128293] scsi target2:0:0: Ending Domain Validation
[   11.140039] scsi target2:0:0: asynchronous
[   11.152461] scsi 2:0:1:0: Direct-Access     VBOX     HARDDISK         1.0  PQ: 0 ANSI: 5
[   11.172011] scsi target2:0:1: Beginning Domain Validation
[   11.195548] scsi target2:0:1: Domain Validation skipping write tests
[   11.211934] scsi target2:0:1: Ending Domain Validation
[   11.229499] scsi target2:0:1: asynchronous
[   11.271291] sd 2:0:0:0: Attached scsi generic sg0 type 0
[   11.271360] sd 2:0:0:0: [sda] 83886080 512-byte logical blocks: (42.9 GB/40.0 GiB)
[   11.280998] sd 2:0:0:0: [sda] Write Protect is off
[   11.281786] sd 2:0:0:0: [sda] Incomplete mode parameter data
[   11.281790] sd 2:0:0:0: [sda] Assuming drive cache: write through
[   11.292906]  sda: sda1
[   11.309491] sd 2:0:0:0: [sda] Attached SCSI disk
[   11.378758] sd 2:0:1:0: [sdb] 20480 512-byte logical blocks: (10.5 MB/10.0 MiB)
[   11.393405] sd 2:0:1:0: Attached scsi generic sg1 type 0
[   11.432520] sd 2:0:1:0: [sdb] Write Protect is off
[   11.448933] sd 2:0:1:0: [sdb] Incomplete mode parameter data
[   11.466207] sd 2:0:1:0: [sdb] Assuming drive cache: write through
[   11.488807] sd 2:0:1:0: [sdb] Attached SCSI disk
Begin: Loading essential drivers ... [   15.302354] md: linear personality registered for level -1
[   15.324346] md: multipath personality registered for level -4
[   15.343394] md: raid0 personality registered for level 0
[   15.373299] md: raid1 personality registered for level 1
[   15.625167] raid6: sse2x1   gen() 17794 MB/s
[   15.729946] raid6: sse2x1   xor() 10572 MB/s
[   15.841511] raid6: sse2x2   gen() 15621 MB/s
[   16.037288] raid6: sse2x2   xor() 18766 MB/s
[   16.165269] raid6: sse2x4   gen() 18708 MB/s
[   16.389376] raid6: sse2x4   xor() 25055 MB/s
[   16.402942] raid6: using algorithm sse2x4 gen() 18708 MB/s
[   16.419658] raid6: .... xor() 25055 MB/s, rmw enabled
[   16.433359] raid6: using ssse3x2 recovery algorithm
[   16.454248] xor: automatically using best checksumming function:
[   16.515658]    avx       : 35852.000 MB/sec
[   16.530079] async_tx: api initialized (async)
[   16.582818] md: raid6 personality registered for level 6
[   16.593809] md: raid5 personality registered for level 5
[   16.605402] md: raid4 personality registered for level 4
[   16.637905] md: raid10 personality registered for level 10
done.
Begin: Running /scripts/init-premount ... done.
Begin: Mounting root file system ... Begin: Running /scripts/local-top ... done.
Begin: Running /scripts/local-premount ... [   16.737024] Btrfs loaded
Scanning for Btrfs filesystems
done.
Warning: fsck not present, so skipping root file system
[   16.828106] EXT4-fs (sda1): mounted filesystem with ordered data mode. Opts: (null)
done.
Begin: Running /scripts/local-bottom ... done.
Begin: Running /scripts/init-bottom ... done.
[   17.040254] systemd[1]: systemd 229 running in system mode. (+PAM +AUDIT +SELINUX +IMA +APPARMOR +SMACK +SYSVINIT +UTMP +LIBCRYPTSETUP +GCRYPT +GNUTLS +ACL +XZ -LZ4 +SECCOMP +BLKID +ELFUTILS +KMOD -IDN)
[   17.080839] systemd[1]: Detected virtualization oracle.
[   17.095410] systemd[1]: Detected architecture x86-64.

Welcome to [1mUbuntu 16.04.7 LTS[0m!

[   17.126754] systemd[1]: Set hostname to <ubuntu>.
[   17.147811] systemd[1]: Initializing machine ID from random generator.
[   17.162984] systemd[1]: Installed transient /etc/machine-id file.
[   17.511681] systemd[1]: Reached target User and Group Name Lookups.
[[0;32m  OK  [0m] Reached target User and Group Name Lookups.
[   17.545352] systemd[1]: Started Forward Password Requests to Wall Directory Watch.
[[0;32m  OK  [0m] Started Forward Password Requests to Wall Directory Watch.
[   17.583825] systemd[1]: Listening on udev Kernel Socket.
[[0;32m  OK  [0m] Listening on udev Kernel Socket.
[   17.608222] systemd[1]: Set up automount Arbitrary Executable File Formats File System Automount Point.
[[0;32m  OK  [0m] Set up automount Arbitrary Executab...ats File System Automount Point.
[   17.651002] systemd[1]: Listening on /dev/initctl Compatibility Named Pipe.
[[0;32m  OK  [0m] Listening on /dev/initctl Compatibility Named Pipe.
[   17.681218] systemd[1]: Reached target System Time Synchronized.
[[0;32m  OK  [0m] Reached target System Time Synchronized.
[   17.707975] systemd[1]: Listening on Journal Socket.
[[0;32m  OK  [0m] Listening on Journal Socket.
[   17.734465] systemd[1]: Created slice System Slice.
[[0;32m  OK  [0m] Created slice System Slice.
[   17.772103] systemd[1]: Starting Remount Root and Kernel File Systems...
         Starting Remount Root and Kernel File Systems...
[   17.801982] EXT4-fs (sda1): re-mounted. Opts: (null)
[   17.811440] systemd[1]: Mounting Debug File System...
         Mounting Debug File System...
[   17.835793] systemd[1]: Listening on Journal Socket (/dev/log).
[[0;32m  OK  [0m] Listening on Journal Socket (/dev/log).
[   17.871880] systemd[1]: Mounting Huge Pages File System...
         Mounting Huge Pages File System...
[   17.894544] systemd[1]: Mounting POSIX Message Queue File System...
         Mounting POSIX Message Queue File System...
[   17.922810] systemd[1]: Starting Set console keymap...
         Starting Set console keymap...
[   17.944490] systemd[1]: Reached target Encrypted Volumes.
[[0;32m  OK  [0m] Reached target Encrypted Volumes.
[   17.970778] systemd[1]: Listening on udev Control Socket.
[[0;32m  OK  [0m] Listening on udev Control Socket.
[   17.999522] systemd[1]: Reached target Swap.
[[0;32m  OK  [0m] Reached target Swap.
[   18.039869] systemd[1]: Starting Nameserver information manager...
         Starting Nameserver information manager...
[   18.067045] systemd[1]: Starting Uncomplicated firewall...
         Starting Uncomplicated firewall...
[   18.089591] systemd[1]: Listening on Syslog Socket.
[[0;32m  OK  [0m] Listening on Syslog Socket.
[   18.111686] random: nonblocking pool is initialized
[   18.139665] systemd[1]: Starting Load Kernel Modules...
         Starting Load Kernel Modules...
[   18.173984] Loading iSCSI transport class v2.0-870.
[   18.184449] systemd[1]: Created slice system-serial\x2dgetty.slice.
[[0;32m  OK  [0m] Created slice system-serial\x2dgetty.slice.
[   18.225675] iscsi: registered transport (tcp)
[   18.256101] systemd[1]: Starting Create list of required static device nodes for the current kernel...
         Starting Create list of required st... nodes for the current kernel...
[   18.296504] systemd[1]: Created slice User and Session Slice.
[[0;32m  OK  [0m] Created slice User and Session Slice.
[   18.334606] systemd[1]: Reached target Slices.
[[0;32m  OK  [0m] Reached target Slices.
[   18.361855] systemd[1]: Listening on LVM2 metadata daemon socket.
[[0;32m  OK  [0m] Listening on LVM2 metadata daemon socket.
[   18.393344] systemd[1]: Listening on Journal Audit Socket.
[[0;32m  OK  [0m] Listening on Journal Audit Socket.
[   18.436101] systemd[1]: Starting Journal Service...
         Starting Journal Service...
[   18.457161] systemd[1]: Listening on LVM2 poll daemon socket.
[[0;32m  OK  [0m] Listening on LVM2 poll daemon socket.
[   18.483422] systemd[1]: Started Trigger resolvconf update for networkd DNS.
[[0;32m  OK  [0m] Started Trigger resolvconf update for networkd DNS.
[   18.516913] systemd[1]: Listening on Device-mapper event daemon FIFOs.
[   18.537785] iscsi: registered transport (iser)
[[0;32m  OK  [0m] Listening on Device-mapper event daemon FIFOs.
[   18.593330] systemd[1]: Starting Monitoring of LVM2 mirrors, snapshots etc. using dmeventd or progress polling...
         Starting Monitoring of LVM2 mirrors... dmeventd or progress polling...
[   18.658411] systemd[1]: Mounted POSIX Message Queue File System.
[[0;32m  OK  [0m] Mounted POSIX Message Queue File System.
[   18.693038] systemd[1]: Mounted Huge Pages File System.
[[0;32m  OK  [0m] Mounted Huge Pages File System.
[   18.717577] systemd[1]: Mounted Debug File System.
[[0;32m  OK  [0m] Mounted Debug File System.
[   18.745000] systemd[1]: Started Journal Service.
[[0;32m  OK  [0m] Started Journal Service.
[[0;32m  OK  [0m] Started Remount Root and Kernel File Systems.
[[0;32m  OK  [0m] Started Set console keymap.
[[0;32m  OK  [0m] Started Uncomplicated firewall.
[[0;32m  OK  [0m] Started Load Kernel Modules.
[[0;32m  OK  [0m] Started Create list of required sta...ce nodes for the current kernel.
[[0;32m  OK  [0m] Started Nameserver information manager.
[[0;32m  OK  [0m] Started LVM2 metadata daemon.
         Starting Create Static Device Nodes in /dev...
         Mounting FUSE Control File System...
         Starting Apply Kernel Variables...
         Starting Load/Save Random Seed...
         Starting udev Coldplug all Devices...
         Starting Flush Journal to Persistent Storage...
[[0;32m  OK  [0m] Mounted FUSE Control File System.
[[0;32m  OK  [0m] Started Create Static Device Nodes in /dev.
[[0;32m  OK  [0m] Started Apply Kernel Variables.
[[0;32m  OK  [0m] Started Load/Save Random Seed.
         Starting udev Kernel Device Manager...
[[0;32m  OK  [0m] Started Flush Journal to Persistent Storage.
[[0;32m  OK  [0m] Started udev Kernel Device Manager.
[[0;32m  OK  [0m] Started udev Coldplug all Devices.
[[0;32m  OK  [0m] Started Dispatch Password Requests to Console Directory Watch.
[[0;32m  OK  [0m] Found device /dev/ttyS0.
[[0;32m  OK  [0m] Listening on Load/Save RF Kill Switch Status /dev/rfkill Watch.
[[0;32m  OK  [0m] Started Monitoring of LVM2 mirrors,...ng dmeventd or progress polling.
[[0;32m  OK  [0m] Reached target Local File Systems (Pre).
[[0;32m  OK  [0m] Reached target Local File Systems.
         Starting Initial cloud-init job (pre-networking)...
[   18.106104] cloud-init[535]: Cloud-init v. 20.4.1-0ubuntu1~16.04.1 running 'init-local' at Sat, 06 Feb 2021 00:35:46 +0000. Up 17.53 seconds.
         Starting Create Volatile Files and Directories...
         Starting Tell Plymouth To Write Out Runtime Data...
         Starting Set console font and keymap...
         Starting Commit a transient machine-id on disk...
         Starting LSB: AppArmor initialization...
[[0;32m  OK  [0m] Started Create Volatile Files and Directories.
[[0;32m  OK  [0m] Started Tell Plymouth To Write Out Runtime Data.
[[0;32m  OK  [0m] Started Commit a transient machine-id on disk.
[[0;32m  OK  [0m] Started Initial cloud-init job (pre-networking).
[[0;32m  OK  [0m] Reached target Network (Pre).
         Starting Update UTMP about System Boot/Shutdown...
[[0;32m  OK  [0m] Started Set console font and keymap.
[[0;32m  OK  [0m] Created slice system-getty.slice.
[[0;32m  OK  [0m] Started Update UTMP about System Boot/Shutdown.
[[0;32m  OK  [0m] Started LSB: AppArmor initialization.
         Starting Load AppArmor profiles managed internally by snapd...
         Starting Raise network interfaces...
[[0;32m  OK  [0m] Started Load AppArmor profiles managed internally by snapd.
[[0;32m  OK  [0m] Started Raise network interfaces.
         Starting Initial cloud-init job (metadata service crawler)...
[[0;32m  OK  [0m] Reached target Network.
[   27.469768] cloud-init[943]: Cloud-init v. 20.4.1-0ubuntu1~16.04.1 running 'init' at Sat, 06 Feb 2021 00:35:56 +0000. Up 26.63 seconds.
[   27.503188] cloud-init[943]: ci-info: +++++++++++++++++++++++++++++++++++++Net device info++++++++++++++++++++++++++++++++++++++
[   27.526329] cloud-init[943]: ci-info: +--------+------+---------------------------+---------------+--------+-------------------+
[   27.549344] cloud-init[943]: ci-info: | Device |  Up  |          Address          |      Mask     | Scope  |     Hw-Address    |
[   27.573656] cloud-init[943]: ci-info: +--------+------+---------------------------+---------------+--------+-------------------+
[   27.594779] cloud-init[943]: ci-info: | enp0s3 | True |         10.0.2.15         | 255.255.255.0 | global | 02:0f:4d:7a:2e:0f |
[   27.615235] cloud-init[943]: ci-info: | enp0s3 | True | fe80::f:4dff:fe7a:2e0f/64 |       .       |  link  | 02:0f:4d:7a:2e:0f |
[   27.635744] cloud-init[943]: ci-info: |   lo   | True |         127.0.0.1         |   255.0.0.0   |  host  |         .         |
[   27.658036] [[0;32m  OK  [0m] Started Initial cloud-init job (metadata service crawler).
[[0;32m  OK  [0m] Reached target System Initialization.
[[0;32m  OK  [0m] Listening on D-Bus System Message Bus Socket.
         Starting Socket activation for snappy daemon.
cloud-init[943]: ci-info: |   lo   | True |          ::1/128          |       .       |  host  |         .         |
[[0;32m  OK  [0m] Started ACPI Events Check.
[   27.715940] cloud-init[943]: ci-info: +--------+------+---------------------------+---------------+--------+-------------------+
[[0;32m  OK  [0m] Reached target Paths.
[   27.743015] [[0;32m  OK  [0m] Listening on UUID daemon activation socket.
[[0;32m  OK  [0m] Started Daily apt download activities.
[[0;32m  OK  [0m] Started Message of the Day.
[[0;32m  OK  [0m] Listening on ACPID Listen Socket.
[[0;32m  OK  [0m] Started Daily apt upgrade and clean activities.
cloud-init         Starting LXD - unix socket.
[[0;32m  OK  [0m] Started Daily Cleanup of Temporary Directories.
[[0;32m  OK  [0m] Reached target Timers.
[[0;32m  OK  [0m] Reached target Network is Online.
[943]: ci-info: +++++++++++++++++++++++++++Route IPv4 info++++++++++++++++++++++++++++
[   27.815993] cloud-init         Starting iSCSI initiator daemon (iscsid)...
[[943]: ci-info: +-------+-------------+----------+---------------+-----------+-------+
[   27.840483] cloud-init[943]: ci-info: | Route | Destination | Gateway  |    Genmask    | Interface | Flags |
[0;32m  OK  [0m] Reached target Cloud-config availability.
[[0;32m  OK  [0m] Listening on Socket activation for snappy daemon.
[[   27.862626] [0;32m  OK  [0m] Listening on LXD - unix socket.
[cloud-init[943]: ci-info: +-------+-------------+----------+---------------+-----------+-------+
[   27.895432] cloud-init[943]: ci-info: |   0   |   0.0.0.0   | 10.0.2.2 |    0.0.0.0    |   enp0s3  |   UG  |
[0;32m  OK  [0m] Reached target Sockets.
[   27.917378] cloud-init[943]: ci-info: |   1   |   10.0.2.0  | 0.0.0.0  | 255.255.255.0 |   enp0s3  |   U   |
[[0;32m  OK  [0m] Reached target Basic System.
[   27.941758] cloud-init[943]: ci-info: +-------+-------------+----------+---------------+-----------+-------+
[[0;32m  OK  [0m] Started Regular background program processing daemon.
[   27.986127] cloud-init[943]: ci-info: +++++++++++++++++++Route IPv6 info+++++++++++++++++++
[   28.003454] cloud-init[943]: ci-info: +-------+-------------+---------+-----------+-------+
         [   28.016204] cloud-init[943]: ci-info: | Route | Destination | Gateway | Interface | Flags |
[   28.019850] cloud-init[943]: ci-info: +-------+-------------+---------+-----------+-------+
[   28.033809] cloud-init[943]: ci-info: |   0   |  fe80::/64  |    ::   |   enp0s3  |   U   |
[   28.043024] cloud-init[943]: ci-info: |   3   |   ff00::/8  |    ::   |   enp0s3  |   U   |
[   28.046938] cloud-init[943]: ci-info: +-------+-------------+---------+-----------+-------+
[   28.050907] cloud-init[943]: Generating public/private rsa key pair.
[   28.055446] cloud-init[943]: Your identification has been saved in /etc/ssh/ssh_host_rsa_key.
[   28.064959] cloud-init[943]: Your public key has been saved in /etc/ssh/ssh_host_rsa_key.pub.
[   28.065048] cloud-init[943]: The key fingerprint is:
[   28.065126] cloud-init[943]: SHA256:Z1MNOvSY9AWA9xGJUuw9w8gz1ZXnFEOJvJV/AMa4E8A root@ubuntu-xenial
[   28.065197] cloud-init[943]: The key's randomart image is:
[   28.065266] cloud-init[943]: +---[RSA 2048]----+
Starting Accounts Service...
[   28.065858] cloud-init[943]: |       ..===B*+=*|
[   28.149160] cloud-init[943]: |        Eo*B=*o=+|
         [   28.171488] cloud-init[943]: |         ==O+.++o|
[   28.175454] cloud-init[943]: |          Oo*.  +|
[   28.182532] cloud-init[943]: |        S ++ o  .|
[   28.183028] cloud-init[943]: |         o .     |
[   28.183501] cloud-init[943]: |                 |
[   28.211814] cloud-init[943]: |                 |
[   28.212410] cloud-init[943]: |                 |
[   28.213227] cloud-init[943]: Starting System Logging Service...+----[SHA256]-----+
[   28.243737] cloud-init[943]: Generating public/private dsa key pair.
[   28.244806] cloud-init
[943]: Your identification has been saved in /etc/ssh/ssh_host_dsa_key.
[   28.282923] cloud-init[943]: Your public key has been saved in /etc/ssh/ssh_host_dsa_key.pub.
         [   28.306336] cloud-init[943]: The key fingerprint is:
[   28.311712] cloud-init[943]: SHA256:Ln3A5Q44t8b6U0B6JD/HM0TMkJiii4wkp++61m4FJYE root@ubuntu-xenial
[   28.314186] cloud-init[943]: The key's randomart image is:Starting LSB: Record successful boot for GRUB...

[   28.359269] cloud-init[943]: +---[DSA 1024]----+
[   28.368629] cloud-init[943]: |  ...  o.*.      |
[   28.372974] cloud-init[943]: | E ...+ + +      |
[   28.376757] cloud-init[943]: |   .o. * o.      |
[   28.378073] cloud-init[943]: |..o.  .o=o=      |
[   28.386916] cloud-init[943]: |=+ .. o.S+.o     |
[   28.391316] cloud-init[943]: |+..  . * =.      |
[[0;32m  OK  [0m] Started D-Bus System Message Bus.[   28.408433] cloud-init[943]: | .. . . *.o      |

[   28.411525] cloud-init[943]: | ..o   +..       |
[   28.430668] cloud-init[943]: |+++.  ....       |
[   28.440287] cloud-init[943]: +----[SHA256]-----+
[   28.450179] cloud-init[943]: Generating public/private ecdsa key pair.
[   28.462556] cloud-init[943]: Your identification has been saved in /etc/ssh/ssh_host_ecdsa_key.
[   28.481762] cloud-init[943]: Your public key has been saved in /etc/ssh/ssh_host_ecdsa_key.pub.
[   28.495575] cloud-init[943]: The key fingerprint is:
[   28.506216] cloud-init[943]: SHA256:60mmOk9+SqExLzYwULXX7Xa0x4ciYQlsZScs6dcdv9Q root@ubuntu-xenial
[   28.526073] cloud-init[943]: The key's randomart image is:
[   28.527663] cloud-init[943]: +---[ECDSA 256]---+
[   28.529520] cloud-init[943]: |  ...  ..++ .    |
[   28.545664] cloud-init[943]: | .   . .=+.+  .  |
[   28.545912] cloud-init[943]: |.   . .o..=... o.|
[   28.555213] cloud-init[943]: | .   .  .o.o.o.oE|
[   28.559471] cloud-init[943]: |  o o . S.+ + = o|
[   28.563305] cloud-init[943]: |   o = . o o o o |
[   28.572597] cloud-init[943]: |    = + +        |
[   28.576775] cloud-init[943]: |   ..* =..       |
[   28.581249] cloud-init[943]: |    .+=oo        |
[   28.590951] cloud-init[943]: +----[SHA256]-----+
[   28.596118] cloud-init[943]: Generating public/private ed25519 key pair.
[   28.602599] cloud-init[943]: Your identification has been saved in /etc/ssh/ssh_host_ed25519_key.
[   28.606962] cloud-init[943]: Your public key has been saved in /etc/ssh/ssh_host_ed25519_key.pub.
[   28.622134] cloud-init[943]: The key fingerprint is:
[   28.639061] cloud-init[943]: SHA256:rRMIXqFpmxBzkqZSN77RJoj9vIddhMqLIBEidjdxFE8 root@ubuntu-xenial
[   28.641804] cloud-init[943]: The key's randomart image is:
[   28.647807] cloud-init[943]: +--[ED25519 256]--+
[   28.653438] cloud-init[943]: |  +...++.E       |
[   28.658673] cloud-init[943]: |+.+*o=..o        |
         Starting LSB: MD monitoring daemon...
[   28.665786] cloud-init[943]: |+Bo+*oo. .       |
[   28.696938] cloud-init[943]: |= o++=+...       |
         Starting LXD - container startup/shutdown...
[   28.712500]          Starting /etc/rc.local Compatibility...
[[0;32m  OK  [0m] Started FUSE filesystem for LXC.
         Starting Login Service...
         Starting Virtualbox guest utils...
[[0;32m  OK  [0m] Started ACPI event daemon.
         Starting Pollinate to seed the pseudo random number generator...
cloud-init[943]: |.. ++*..S .      |
         Starting Snap Daemon...
[[0;32m  OK  [0m] Started Deferred execution scheduler.
[[0;32m  OK  [0m] Started System Logging Service.
[   28.786745] cloud-init[943]: |o   *   .o       |
[   28.825545] cloud-init[943]: |.. . = .o        |
[   28.832794] cloud-init[943]: |  . + o  .       |
[   28.840642] cloud-init[943]: |     .           |
[   28.846096] cloud-init[[0;32m  OK  [0m] Started iSCSI initiator daemon (iscsid).
[[0;32m  OK  [0m] Started /etc/rc.local Compatibility.
[943]: +----[SHA256]-----+
         Starting Authenticate and Authorize Users to Run Privileged Tasks...
         Starting Login to default iSCSI targets...
[[0;32m  OK  [0m] Started Login Service.
[[0;32m  OK  [0m] Started Unattended Upgrades Shutdown.
[[0;32m  OK  [0m] Started LSB: MD monitoring daemon.
[[0;32m  OK  [0m] Started LSB: Record successful boot for GRUB.
[[0;32m  OK  [0m] Started Authenticate and Authorize Users to Run Privileged Tasks.
[[0;32m  OK  [0m] Started Accounts Service.
[[0;32m  OK  [0m] Started LXD - container startup/shutdown.
[[0;32m  OK  [0m] Started Login to default iSCSI targets.
[[0;32m  OK  [0m] Reached target Remote File Systems (Pre).
[[0;32m  OK  [0m] Reached target Remote File Systems.
         Starting LSB: daemon to balance interrupts for SMP systems...
         Starting LSB: automatic crash report generation...
         Starting LSB: Set the CPU Frequency Scaling governor to "ondemand"...
         Starting Permit User Sessions...
[[0;32m  OK  [0m] Started Virtualbox guest utils.
[[0;32m  OK  [0m] Started Permit User Sessions.
         Starting Terminate Plymouth Boot Screen...
         Starting Hold until boot process finishes up...
[[0;32m  OK  [0m] Started LSB: daemon to balance interrupts for SMP systems.
[[0;32m  OK  [0m] Started LSB: automatic crash report generation.
[[0;32m  OK  [0m] Started LSB: Set the CPU Frequency Scaling governor to "ondemand".
[[0;32m  OK  [0m] Started Terminate Plymouth Boot Screen.
[[0;32m  OK  [0m] Started Hold until boot process finishes up.
[[0;32m  OK  [0m] Started Serial Getty on ttyS0.
[[0;32m  OK  [0m] Started Getty on tty1.
[[0;32m  OK  [0m] Reached target Login Prompts.
         Starting Set console scheme...
[[0;32m  OK  [0m] Started Set console scheme.
[[0;32m  OK  [0m] Started Snap Daemon.
         Starting Wait until snapd is fully seeded...
[[0;32m  OK  [0m] Started Pollinate to seed the pseudo random number generator.
         Starting OpenBSD Secure Shell server...
[[0;32m  OK  [0m] Started OpenBSD Secure Shell server.
[[0;32m  OK  [0m] Created slice User Slice of vagrant.
         Starting User Manager for UID 1000...
[[0;32m  OK  [0m] Started Session 1 of user vagrant.
[[0;32m  OK  [0m] Started User Manager for UID 1000.
[[0;32m  OK  [0m] Started Wait until snapd is fully seeded.
[[0;32m  OK  [0m] Reached target Multi-User System.
[[0;32m  OK  [0m] Reached target Graphical Interface.
         Starting Update UTMP about System Runlevel Changes...
         Starting Apply the settings specified in cloud-config...
[[0;32m  OK  [0m] Started Update UTMP about System Runlevel Changes.
[   33.258592] cloud-init[1415]: Generating locales (this might take a while)...
         Stopping User Manager for UID 1000...
[[0;32m  OK  [0m] Stopped User Manager for UID 1000.
[[0;32m  OK  [0m] Removed slice User Slice of vagrant.
[[0;32m  OK  [0m] Created slice User Slice of vagrant.
         Starting User Manager for UID 1000...
[[0;32m  OK  [0m] Started Session 2 of user vagrant.
[[0;32m  OK  [0m] Started User Manager for UID 1000.
[   34.457711] cloud-init[1415]:   en_US.UTF-8... done
[   34.469944] cloud-init[1415]: Generation complete.
[   35.017367] cloud-init[1415]: Cloud-init v. 20.4.1-0ubuntu1~16.04.1 running 'modules:config' at Sat, 06 Feb 2021 00:36:02 +0000. Up 33.07 seconds.
ci-info: no authorized SSH keys fingerprints found for user ubuntu.
<14>Feb  6 00:36:05 ec2: 
<14>Feb  6 00:36:05 ec2: #############################################################
<14>Feb  6 00:36:05 ec2: -----BEGIN SSH HOST KEY FINGERPRINTS-----
<14>Feb  6 00:36:05 ec2: 1024 SHA256:Ln3A5Q44t8b6U0B6JD/HM0TMkJiii4wkp++61m4FJYE root@ubuntu-xenial (DSA)
<14>Feb  6 00:36:05 ec2: 256 SHA256:60mmOk9+SqExLzYwULXX7Xa0x4ciYQlsZScs6dcdv9Q root@ubuntu-xenial (ECDSA)
<14>Feb  6 00:36:05 ec2: 256 SHA256:rRMIXqFpmxBzkqZSN77RJoj9vIddhMqLIBEidjdxFE8 root@ubuntu-xenial (ED25519)
<14>Feb  6 00:36:05 ec2: 2048 SHA256:Z1MNOvSY9AWA9xGJUuw9w8gz1ZXnFEOJvJV/AMa4E8A root@ubuntu-xenial (RSA)
<14>Feb  6 00:36:05 ec2: -----END SSH HOST KEY FINGERPRINTS-----
<14>Feb  6 00:36:05 ec2: #############################################################
-----BEGIN SSH HOST KEY KEYS-----
ecdsa-sha2-nistp256 AAAAE2VjZHNhLXNoYTItbmlzdHAyNTYAAAAIbmlzdHAyNTYAAABBBES1O0/VvBTo7XGZ6GQqV6Rs87zPz2ujzwh9kyub8Syw0rUQPJ9PIkXdDCHVKddAq/ThJve1f35sLZT3coXI6Y4= root@ubuntu-xenial
ssh-ed25519 AAAAC3NzaC1lZDI1NTE5AAAAILO0lN9cmiVCVHAiwHsCe1UOV3Ef7Gzu2holEAe3+9cn root@ubuntu-xenial
ssh-rsa AAAAB3NzaC1yc2EAAAADAQABAAABAQC+PkwjKWNV4sbkiI1PnYhpkKC79G9qP8icFukubt9Pc4vmHJm/mR8r/5I5Rto7GKDpXxi7F7HiosZdu7ICwR5LKf9NvysZnj2HdbEl6ZUf5uRB2UgmhXNJwBDvgUTrCC+r7psVDoqHtoAzVjX5Kl57NHkOhQclLryaR4ryPsdvgSNkYlxQSprHWJ7BncBLM23HK+s1hJt5S4wcbOVGFivyGx10Mg+krY2Wul0ApbNnKqzeXsP0gLmpbophjg2NAygcf8vGKiMxFUdNo5zNqjFTXlVMAdCGCK/9BciAk9A0/XDX5iydWnUMNFYZKyZMhlk6L4BEqdO0EkC2MyvbHkSD root@ubuntu-xenial
-----END SSH HOST KEY KEYS-----
[   35.860782] cloud-init[1600]: Cloud-init v. 20.4.1-0ubuntu1~16.04.1 running 'modules:final' at Sat, 06 Feb 2021 00:36:04 +0000. Up 35.46 seconds.
[   35.863204] cloud-init[1600]: ci-info: no authorized SSH keys fingerprints found for user ubuntu.
[   35.891361] cloud-init[1600]: Cloud-init v. 20.4.1-0ubuntu1~16.04.1 finished at Sat, 06 Feb 2021 00:36:05 +0000. Datasource DataSourceNoCloud [seed=/dev/sdb][dsmode=net].  Up 35.77 seconds

Ubuntu 16.04.7 LTS ubuntu-xenial ttyS0

ubuntu-xenial login:          Stopping User Manager for UID 1000...
[[0;32m  OK  [0m] Closed Load/Save RF Kill Switch Status /dev/rfkill Watch.
         Stopping ACPI event daemon...
[[0;32m  OK  [0m] Stopped target Timers.
[[0;32m  OK  [0m] Stopped Message of the Day.
[[0;32m  OK  [0m] Stopped target Graphical Interface.
         Stopping Authenticate and Authorize Users to Run Privileged Tasks...
[[0;32m  OK  [0m] Stopped Daily Cleanup of Temporary Directories.
         Stopping Session 4 of user vagrant.
[[0;32m  OK  [0m] Stopped target Cloud-init target.
[[0;32m  OK  [0m] Stopped Execute cloud user/final scripts.
[[0;32m  OK  [0m] Stopped Apply the settings specified in cloud-config.
[[0;32m  OK  [0m] Stopped target Cloud-config availability.
[[0;32m  OK  [0m] Stopped target Multi-User System.
         Stopping System Logging Service...
         Stopping LSB: Record successful boot for GRUB...
         Stopping A high performance web server and a reverse proxy server...
         Stopping LSB: MD monitoring daemon...
         Stopping Virtualbox guest utils...
         Stopping LSB: daemon to balance interrupts for SMP systems...
[[0;32m  OK  [0m] Stopped Wait until snapd is fully seeded.
         Stopping LSB: automatic crash report generation...
         Stopping Regular background program processing daemon...
         Stopping Deferred execution scheduler...
         Stopping LXD - container startup/shutdown...
         Stopping D-Bus System Message Bus...
[[0;32m  OK  [0m] Stopped target Login Prompts.
         Stopping Serial Getty on ttyS0...
         Stopping Getty on tty1...
         Stopping OpenBSD Secure Shell server...
         Stopping LSB: Set the CPU Frequency Scaling governor to "ondemand"...
         Stopping FUSE filesystem for LXC...
         Stopping Accounts Service...
[[0;32m  OK  [0m] Stopped Daily apt upgrade and clean activities.
[[0;32m  OK  [0m] Stopped Daily apt download activities.
[[0;32m  OK  [0m] Stopped target System Time Synchronized.
[[0;32m  OK  [0m] Unmounted /var/lib/lxcfs.
[[0;32m  OK  [0m] Stopped Regular background program processing daemon.
[[0;32m  OK  [0m] Stopped Accounts Service.
[[0;32m  OK  [0m] Stopped System Logging Service.
[[0;32m  OK  [0m] Stopped ACPI event daemon.
[[0;32m  OK  [0m] Stopped Deferred execution scheduler.
[[0;32m  OK  [0m] Stopped Authenticate and Authorize Users to Run Privileged Tasks.
[[0;32m  OK  [0m] Stopped Serial Getty on ttyS0.
[[0;32m  OK  [0m] Stopped Getty on tty1.
[[0;32m  OK  [0m] Stopped OpenBSD Secure Shell server.
[[0;32m  OK  [0m] Stopped User Manager for UID 1000.
[[0;32m  OK  [0m] Stopped Session 4 of user vagrant.
[[0;32m  OK  [0m] Stopped A high performance web server and a reverse proxy server.
[[0;32m  OK  [0m] Stopped D-Bus System Message Bus.
[[0;32m  OK  [0m] Stopped FUSE filesystem for LXC.
[[0;32m  OK  [0m] Stopped LSB: Record successful boot for GRUB.
[[0;32m  OK  [0m] Stopped LSB: MD monitoring daemon.
[[0;32m  OK  [0m] Stopped LSB: daemon to balance interrupts for SMP systems.
[[0;32m  OK  [0m] Stopped LSB: automatic crash report generation.
[[0;32m  OK  [0m] Stopped Virtualbox guest utils.
[[0;32m  OK  [0m] Stopped LXD - container startup/shutdown.
[[0;32m  OK  [0m] Stopped LSB: Set the CPU Frequency Scaling governor to "ondemand".
[[0;32m  OK  [0m] Removed slice User Slice of vagrant.
         Stopping Login Service...
[[0;32m  OK  [0m] Removed slice system-getty.slice.
[[0;32m  OK  [0m] Removed slice system-serial\x2dgetty.slice.
[[0;32m  OK  [0m] Stopped /etc/rc.local Compatibility.
         Stopping Permit User Sessions...
[[0;32m  OK  [0m] Stopped Permit User Sessions.
[[0;32m  OK  [0m] Stopped target Remote File Systems.
[[0;32m  OK  [0m] Stopped target Remote File Systems (Pre).
         Stopping Login to default iSCSI targets...
[[0;32m  OK  [0m] Stopped Login Service.
[[0;32m  OK  [0m] Stopped target Basic System.
[[0;32m  OK  [0m] Stopped target Paths.
[[0;32m  OK  [0m] Stopped Dispatch Password Requests to Console Directory Watch.
[[0;32m  OK  [0m] Stopped Forward Password Requests to Wall Directory Watch.
[[0;32m  OK  [0m] Stopped ACPI Events Check.
[[0;32m  OK  [0m] Stopped target Sockets.
[[0;32m  OK  [0m] Closed UUID daemon activation socket.
[[0;32m  OK  [0m] Closed Socket activation for snappy daemon.
[[0;32m  OK  [0m] Closed ACPID Listen Socket.
[[0;32m  OK  [0m] Closed Syslog Socket.
[[0;32m  OK  [0m] Closed LXD - unix socket.
[[0;32m  OK  [0m] Stopped target Slices.
[[0;32m  OK  [0m] Stopped target User and Group Name Lookups.
[[0;32m  OK  [0m] Closed D-Bus System Message Bus Socket.
[[0;32m  OK  [0m] Stopped target System Initialization.
[[0;32m  OK  [0m] Stopped target Encrypted Volumes.
         Stopping Update UTMP about System Boot/Shutdown...
[[0;32m  OK  [0m] Stopped Commit a transient machine-id on disk.
[[0;32m  OK  [0m] Stopped target Swap.
         Stopping Load/Save Random Seed...
[[0;32m  OK  [0m] Removed slice User and Session Slice.
[[0;32m  OK  [0m] Stopped Load/Save Random Seed.
[[0;32m  OK  [0m] Stopped Update UTMP about System Boot/Shutdown.
[[0;32m  OK  [0m] Stopped Create Volatile Files and Directories.
[[0;32m  OK  [0m] Stopped Login to default iSCSI targets.
         Stopping iSCSI initiator daemon (iscsid)...
[[0;32m  OK  [0m] Stopped iSCSI initiator daemon (iscsid).
[[0;32m  OK  [0m] Stopped target Network is Online.
[[0;32m  OK  [0m] Stopped Initial cloud-init job (metadata service crawler).
[[0;32m  OK  [0m] Stopped target Network.
         Stopping Raise network interfaces...
[[0;32m  OK  [0m] Stopped Raise network interfaces.
[[0;32m  OK  [0m] Stopped target Local File Systems.
         Unmounting /vagrant...
         Unmounting /run/user/1000...
[[0;32m  OK  [0m] Stopped Apply Kernel Variables.
[[0;32m  OK  [0m] Stopped Load Kernel Modules.
[[0;32m  OK  [0m] Stopped target Network (Pre).
[[0;32m  OK  [0m] Stopped Initial cloud-init job (pre-networking).
[[0;32m  OK  [0m] Unmounted /vagrant.
[[0;32m  OK  [0m] Unmounted /run/user/1000.
[[0;32m  OK  [0m] Reached target Unmount All Filesystems.
[[0;32m  OK  [0m] Stopped target Local File Systems (Pre).
         Stopping Monitoring of LVM2 mirrors... dmeventd or progress polling...
[[0;32m  OK  [0m] Stopped Remount Root and Kernel File Systems.
[[0;32m  OK  [0m] Stopped Create Static Device Nodes in /dev.
[[0;32m  OK  [0m] Reached target Shutdown.
[  240.284592] reboot: Power down
